CRITICAL - 2023-09-22 01:49:39 --> Undefined variable $id
in APPPATH\Controllers\Home.php on line 101.
 1 APPPATH\Controllers\Home.php(101): CodeIgniter\Debug\Exceptions->errorHandler(2, 'Undefined variable $id', 'D:\\laragon\\www\\CRUD\\app\\Controllers\\Home.php', 101)
 2 SYSTEMPATH\CodeIgniter.php(919): App\Controllers\Home->update()
 3 SYSTEMPATH\CodeIgniter.php(494): CodeIgniter\CodeIgniter->runController(Object(App\Controllers\Home))
 4 SYSTEMPATH\CodeIgniter.php(353): CodeIgniter\CodeIgniter->handleRequest(null, Object(Config\Cache), false)
 5 FCPATH\index.php(79): CodeIgniter\CodeIgniter->run()
 6 SYSTEMPATH\Commands\Server\rewrite.php(47): require_once('D:\\laragon\\www\\CRUD\\public\\index.php')
CRITICAL - 2023-09-22 09:28:28 --> Access denied for user 'username'@'localhost' (using password: YES)
in APPPATH\Views\insert.php on line 29.
 1 APPPATH\Views\insert.php(29): mysqli->__construct('localhost', 'username', 'password', 'product_listing')
 2 SYSTEMPATH\View\View.php(226): include('D:\\laragon\\www\\CRUD\\app\\Views\\insert.php')
 3 SYSTEMPATH\View\View.php(229): CodeIgniter\View\View->CodeIgniter\View\{closure}()
 4 SYSTEMPATH\Common.php(1188): CodeIgniter\View\View->render('insert', [], true)
 5 APPPATH\Controllers\Home.php(30): view('insert')
 6 SYSTEMPATH\CodeIgniter.php(919): App\Controllers\Home->showInsertForm()
 7 SYSTEMPATH\CodeIgniter.php(494): CodeIgniter\CodeIgniter->runController(Object(App\Controllers\Home))
 8 SYSTEMPATH\CodeIgniter.php(353): CodeIgniter\CodeIgniter->handleRequest(null, Object(Config\Cache), false)
 9 FCPATH\index.php(79): CodeIgniter\CodeIgniter->run()
10 SYSTEMPATH\Commands\Server\rewrite.php(47): require_once('D:\\laragon\\www\\CRUD\\public\\index.php')
CRITICAL - 2023-09-22 09:28:39 --> Unknown column 'product_listing' in 'field list'
in APPPATH\Views\insert.php on line 38.
 1 APPPATH\Views\insert.php(38): mysqli->query('SELECT product_listing FROM table_category')
 2 SYSTEMPATH\View\View.php(226): include('D:\\laragon\\www\\CRUD\\app\\Views\\insert.php')
 3 SYSTEMPATH\View\View.php(229): CodeIgniter\View\View->CodeIgniter\View\{closure}()
 4 SYSTEMPATH\Common.php(1188): CodeIgniter\View\View->render('insert', [], true)
 5 APPPATH\Controllers\Home.php(30): view('insert')
 6 SYSTEMPATH\CodeIgniter.php(919): App\Controllers\Home->showInsertForm()
 7 SYSTEMPATH\CodeIgniter.php(494): CodeIgniter\CodeIgniter->runController(Object(App\Controllers\Home))
 8 SYSTEMPATH\CodeIgniter.php(353): CodeIgniter\CodeIgniter->handleRequest(null, Object(Config\Cache), false)
 9 FCPATH\index.php(79): CodeIgniter\CodeIgniter->run()
10 SYSTEMPATH\Commands\Server\rewrite.php(47): require_once('D:\\laragon\\www\\CRUD\\public\\index.php')
CRITICAL - 2023-09-22 09:29:46 --> Unknown column 'category_name' in 'field list'
in APPPATH\Views\insert.php on line 38.
 1 APPPATH\Views\insert.php(38): mysqli->query('SELECT category_name FROM table_category')
 2 SYSTEMPATH\View\View.php(226): include('D:\\laragon\\www\\CRUD\\app\\Views\\insert.php')
 3 SYSTEMPATH\View\View.php(229): CodeIgniter\View\View->CodeIgniter\View\{closure}()
 4 SYSTEMPATH\Common.php(1188): CodeIgniter\View\View->render('insert', [], true)
 5 APPPATH\Controllers\Home.php(30): view('insert')
 6 SYSTEMPATH\CodeIgniter.php(919): App\Controllers\Home->showInsertForm()
 7 SYSTEMPATH\CodeIgniter.php(494): CodeIgniter\CodeIgniter->runController(Object(App\Controllers\Home))
 8 SYSTEMPATH\CodeIgniter.php(353): CodeIgniter\CodeIgniter->handleRequest(null, Object(Config\Cache), false)
 9 FCPATH\index.php(79): CodeIgniter\CodeIgniter->run()
10 SYSTEMPATH\Commands\Server\rewrite.php(47): require_once('D:\\laragon\\www\\CRUD\\public\\index.php')
CRITICAL - 2023-09-22 09:30:27 --> Undefined array key "category_name"
in APPPATH\Views\insert.php on line 43.
 1 APPPATH\Views\insert.php(43): CodeIgniter\Debug\Exceptions->errorHandler(2, 'Undefined array key "category_name"', 'D:\\laragon\\www\\CRUD\\app\\Views\\insert.php', 43)
 2 SYSTEMPATH\View\View.php(226): include('D:\\laragon\\www\\CRUD\\app\\Views\\insert.php')
 3 SYSTEMPATH\View\View.php(229): CodeIgniter\View\View->CodeIgniter\View\{closure}()
 4 SYSTEMPATH\Common.php(1188): CodeIgniter\View\View->render('insert', [], true)
 5 APPPATH\Controllers\Home.php(30): view('insert')
 6 SYSTEMPATH\CodeIgniter.php(919): App\Controllers\Home->showInsertForm()
 7 SYSTEMPATH\CodeIgniter.php(494): CodeIgniter\CodeIgniter->runController(Object(App\Controllers\Home))
 8 SYSTEMPATH\CodeIgniter.php(353): CodeIgniter\CodeIgniter->handleRequest(null, Object(Config\Cache), false)
 9 FCPATH\index.php(79): CodeIgniter\CodeIgniter->run()
10 SYSTEMPATH\Commands\Server\rewrite.php(47): require_once('D:\\laragon\\www\\CRUD\\public\\index.php')
CRITICAL - 2023-09-22 10:08:11 --> Undefined variable $categories
in APPPATH\Views\edit.php on line 19.
 1 APPPATH\Views\edit.php(19): CodeIgniter\Debug\Exceptions->errorHandler(2, 'Undefined variable $categories', 'D:\\laragon\\www\\CRUD\\app\\Views\\edit.php', 19)
 2 SYSTEMPATH\View\View.php(226): include('D:\\laragon\\www\\CRUD\\app\\Views\\edit.php')
 3 SYSTEMPATH\View\View.php(229): CodeIgniter\View\View->CodeIgniter\View\{closure}()
 4 SYSTEMPATH\Common.php(1188): CodeIgniter\View\View->render('edit', [], true)
 5 APPPATH\Controllers\Home.php(83): view('edit', [...])
 6 SYSTEMPATH\CodeIgniter.php(919): App\Controllers\Home->edit('34')
 7 SYSTEMPATH\CodeIgniter.php(494): CodeIgniter\CodeIgniter->runController(Object(App\Controllers\Home))
 8 SYSTEMPATH\CodeIgniter.php(353): CodeIgniter\CodeIgniter->handleRequest(null, Object(Config\Cache), false)
 9 FCPATH\index.php(79): CodeIgniter\CodeIgniter->run()
10 SYSTEMPATH\Commands\Server\rewrite.php(47): require_once('D:\\laragon\\www\\CRUD\\public\\index.php')
