CRITICAL - 2023-09-21 03:22:56 --> Undefined variable $id
in APPPATH\Views\homepage.php on line 1.
 1 APPPATH\Views\homepage.php(1): CodeIgniter\Debug\Exceptions->errorHandler(2, 'Undefined variable $id', 'D:\\laragon\\www\\CRUD\\app\\Views\\homepage.php', 1)
 2 SYSTEMPATH\View\View.php(226): include('D:\\laragon\\www\\CRUD\\app\\Views\\homepage.php')
 3 SYSTEMPATH\View\View.php(229): CodeIgniter\View\View->CodeIgniter\View\{closure}()
 4 SYSTEMPATH\Common.php(1188): CodeIgniter\View\View->render('homepage', [], true)
 5 APPPATH\Controllers\Home.php(14): view('homepage')
 6 SYSTEMPATH\CodeIgniter.php(919): App\Controllers\Home->homepage()
 7 SYSTEMPATH\CodeIgniter.php(494): CodeIgniter\CodeIgniter->runController(Object(App\Controllers\Home))
 8 SYSTEMPATH\CodeIgniter.php(353): CodeIgniter\CodeIgniter->handleRequest(null, Object(Config\Cache), false)
 9 FCPATH\index.php(79): CodeIgniter\CodeIgniter->run()
10 SYSTEMPATH\Commands\Server\rewrite.php(47): require_once('D:\\laragon\\www\\CRUD\\public\\index.php')
ERROR - 2023-09-21 03:23:17 --> Error connecting to the database: mysqli_sql_exception: No connection could be made because the target machine actively refused it in D:\laragon\www\CRUD\system\Database\MySQLi\Connection.php:185
Stack trace:
#0 D:\laragon\www\CRUD\system\Database\MySQLi\Connection.php(185): mysqli->real_connect('localhost', 'root', '', 'product_listing', 3306, '', 0)
#1 D:\laragon\www\CRUD\system\Database\BaseConnection.php(391): CodeIgniter\Database\MySQLi\Connection->connect(false)
#2 D:\laragon\www\CRUD\system\Database\BaseConnection.php(574): CodeIgniter\Database\BaseConnection->initialize()
#3 D:\laragon\www\CRUD\system\Database\BaseBuilder.php(1615): CodeIgniter\Database\BaseConnection->query('SELECT *\nFROM `...', Array, false)
#4 D:\laragon\www\CRUD\system\Model.php(237): CodeIgniter\Database\BaseBuilder->get()
#5 D:\laragon\www\CRUD\system\BaseModel.php(624): CodeIgniter\Model->doFindAll(0, 0)
#6 D:\laragon\www\CRUD\app\Controllers\Home.php(24): CodeIgniter\BaseModel->findAll()
#7 D:\laragon\www\CRUD\system\CodeIgniter.php(919): App\Controllers\Home->list()
#8 D:\laragon\www\CRUD\system\CodeIgniter.php(494): CodeIgniter\CodeIgniter->runController(Object(App\Controllers\Home))
#9 D:\laragon\www\CRUD\system\CodeIgniter.php(353): CodeIgniter\CodeIgniter->handleRequest(NULL, Object(Config\Cache), false)
#10 D:\laragon\www\CRUD\public\index.php(79): CodeIgniter\CodeIgniter->run()
#11 D:\laragon\www\CRUD\system\Commands\Server\rewrite.php(47): require_once('D:\\laragon\\www\\...')
#12 {main}

Next CodeIgniter\Database\Exceptions\DatabaseException: No connection could be made because the target machine actively refused it in D:\laragon\www\CRUD\system\Database\MySQLi\Connection.php:229
Stack trace:
#0 D:\laragon\www\CRUD\system\Database\BaseConnection.php(391): CodeIgniter\Database\MySQLi\Connection->connect(false)
#1 D:\laragon\www\CRUD\system\Database\BaseConnection.php(574): CodeIgniter\Database\BaseConnection->initialize()
#2 D:\laragon\www\CRUD\system\Database\BaseBuilder.php(1615): CodeIgniter\Database\BaseConnection->query('SELECT *\nFROM `...', Array, false)
#3 D:\laragon\www\CRUD\system\Model.php(237): CodeIgniter\Database\BaseBuilder->get()
#4 D:\laragon\www\CRUD\system\BaseModel.php(624): CodeIgniter\Model->doFindAll(0, 0)
#5 D:\laragon\www\CRUD\app\Controllers\Home.php(24): CodeIgniter\BaseModel->findAll()
#6 D:\laragon\www\CRUD\system\CodeIgniter.php(919): App\Controllers\Home->list()
#7 D:\laragon\www\CRUD\system\CodeIgniter.php(494): CodeIgniter\CodeIgniter->runController(Object(App\Controllers\Home))
#8 D:\laragon\www\CRUD\system\CodeIgniter.php(353): CodeIgniter\CodeIgniter->handleRequest(NULL, Object(Config\Cache), false)
#9 D:\laragon\www\CRUD\public\index.php(79): CodeIgniter\CodeIgniter->run()
#10 D:\laragon\www\CRUD\system\Commands\Server\rewrite.php(47): require_once('D:\\laragon\\www\\...')
#11 {main}
CRITICAL - 2023-09-21 03:23:17 --> Unable to connect to the database.
Main connection [MySQLi]: No connection could be made because the target machine actively refused it
in SYSTEMPATH\Database\BaseConnection.php on line 427.
 1 SYSTEMPATH\Database\BaseConnection.php(574): CodeIgniter\Database\BaseConnection->initialize()
 2 SYSTEMPATH\Database\BaseBuilder.php(1615): CodeIgniter\Database\BaseConnection->query('SELECT *
FROM `list`', [], false)
 3 SYSTEMPATH\Model.php(237): CodeIgniter\Database\BaseBuilder->get()
 4 SYSTEMPATH\BaseModel.php(624): CodeIgniter\Model->doFindAll(0, 0)
 5 APPPATH\Controllers\Home.php(24): CodeIgniter\BaseModel->findAll()
 6 SYSTEMPATH\CodeIgniter.php(919): App\Controllers\Home->list()
 7 SYSTEMPATH\CodeIgniter.php(494): CodeIgniter\CodeIgniter->runController(Object(App\Controllers\Home))
 8 SYSTEMPATH\CodeIgniter.php(353): CodeIgniter\CodeIgniter->handleRequest(null, Object(Config\Cache), false)
 9 FCPATH\index.php(79): CodeIgniter\CodeIgniter->run()
10 SYSTEMPATH\Commands\Server\rewrite.php(47): require_once('D:\\laragon\\www\\CRUD\\public\\index.php')
ERROR - 2023-09-21 11:04:27 --> Error connecting to the database: mysqli_sql_exception: No connection could be made because the target machine actively refused it in D:\laragon\www\CRUD\system\Database\MySQLi\Connection.php:185
Stack trace:
#0 D:\laragon\www\CRUD\system\Database\MySQLi\Connection.php(185): mysqli->real_connect('localhost', 'root', '', 'product_listing', 3306, '', 0)
#1 D:\laragon\www\CRUD\system\Database\BaseConnection.php(391): CodeIgniter\Database\MySQLi\Connection->connect(false)
#2 D:\laragon\www\CRUD\system\Database\BaseConnection.php(574): CodeIgniter\Database\BaseConnection->initialize()
#3 D:\laragon\www\CRUD\system\Database\BaseBuilder.php(1615): CodeIgniter\Database\BaseConnection->query('SELECT *\nFROM `...', Array, false)
#4 D:\laragon\www\CRUD\system\Model.php(237): CodeIgniter\Database\BaseBuilder->get()
#5 D:\laragon\www\CRUD\system\BaseModel.php(624): CodeIgniter\Model->doFindAll(0, 0)
#6 D:\laragon\www\CRUD\app\Controllers\Home.php(24): CodeIgniter\BaseModel->findAll()
#7 D:\laragon\www\CRUD\system\CodeIgniter.php(919): App\Controllers\Home->list()
#8 D:\laragon\www\CRUD\system\CodeIgniter.php(494): CodeIgniter\CodeIgniter->runController(Object(App\Controllers\Home))
#9 D:\laragon\www\CRUD\system\CodeIgniter.php(353): CodeIgniter\CodeIgniter->handleRequest(NULL, Object(Config\Cache), false)
#10 D:\laragon\www\CRUD\public\index.php(79): CodeIgniter\CodeIgniter->run()
#11 D:\laragon\www\CRUD\system\Commands\Server\rewrite.php(47): require_once('D:\\laragon\\www\\...')
#12 {main}

Next CodeIgniter\Database\Exceptions\DatabaseException: No connection could be made because the target machine actively refused it in D:\laragon\www\CRUD\system\Database\MySQLi\Connection.php:229
Stack trace:
#0 D:\laragon\www\CRUD\system\Database\BaseConnection.php(391): CodeIgniter\Database\MySQLi\Connection->connect(false)
#1 D:\laragon\www\CRUD\system\Database\BaseConnection.php(574): CodeIgniter\Database\BaseConnection->initialize()
#2 D:\laragon\www\CRUD\system\Database\BaseBuilder.php(1615): CodeIgniter\Database\BaseConnection->query('SELECT *\nFROM `...', Array, false)
#3 D:\laragon\www\CRUD\system\Model.php(237): CodeIgniter\Database\BaseBuilder->get()
#4 D:\laragon\www\CRUD\system\BaseModel.php(624): CodeIgniter\Model->doFindAll(0, 0)
#5 D:\laragon\www\CRUD\app\Controllers\Home.php(24): CodeIgniter\BaseModel->findAll()
#6 D:\laragon\www\CRUD\system\CodeIgniter.php(919): App\Controllers\Home->list()
#7 D:\laragon\www\CRUD\system\CodeIgniter.php(494): CodeIgniter\CodeIgniter->runController(Object(App\Controllers\Home))
#8 D:\laragon\www\CRUD\system\CodeIgniter.php(353): CodeIgniter\CodeIgniter->handleRequest(NULL, Object(Config\Cache), false)
#9 D:\laragon\www\CRUD\public\index.php(79): CodeIgniter\CodeIgniter->run()
#10 D:\laragon\www\CRUD\system\Commands\Server\rewrite.php(47): require_once('D:\\laragon\\www\\...')
#11 {main}
CRITICAL - 2023-09-21 11:04:27 --> Unable to connect to the database.
Main connection [MySQLi]: No connection could be made because the target machine actively refused it
in SYSTEMPATH\Database\BaseConnection.php on line 427.
 1 SYSTEMPATH\Database\BaseConnection.php(574): CodeIgniter\Database\BaseConnection->initialize()
 2 SYSTEMPATH\Database\BaseBuilder.php(1615): CodeIgniter\Database\BaseConnection->query('SELECT *
FROM `list`', [], false)
 3 SYSTEMPATH\Model.php(237): CodeIgniter\Database\BaseBuilder->get()
 4 SYSTEMPATH\BaseModel.php(624): CodeIgniter\Model->doFindAll(0, 0)
 5 APPPATH\Controllers\Home.php(24): CodeIgniter\BaseModel->findAll()
 6 SYSTEMPATH\CodeIgniter.php(919): App\Controllers\Home->list()
 7 SYSTEMPATH\CodeIgniter.php(494): CodeIgniter\CodeIgniter->runController(Object(App\Controllers\Home))
 8 SYSTEMPATH\CodeIgniter.php(353): CodeIgniter\CodeIgniter->handleRequest(null, Object(Config\Cache), false)
 9 FCPATH\index.php(79): CodeIgniter\CodeIgniter->run()
10 SYSTEMPATH\Commands\Server\rewrite.php(47): require_once('D:\\laragon\\www\\CRUD\\public\\index.php')
CRITICAL - 2023-09-21 11:05:53 --> Undefined variable $id
in APPPATH\Views\homepage.php on line 1.
 1 APPPATH\Views\homepage.php(1): CodeIgniter\Debug\Exceptions->errorHandler(2, 'Undefined variable $id', 'D:\\laragon\\www\\CRUD\\app\\Views\\homepage.php', 1)
 2 SYSTEMPATH\View\View.php(226): include('D:\\laragon\\www\\CRUD\\app\\Views\\homepage.php')
 3 SYSTEMPATH\View\View.php(229): CodeIgniter\View\View->CodeIgniter\View\{closure}()
 4 SYSTEMPATH\Common.php(1188): CodeIgniter\View\View->render('homepage', [], true)
 5 APPPATH\Controllers\Home.php(14): view('homepage')
 6 SYSTEMPATH\CodeIgniter.php(919): App\Controllers\Home->homepage()
 7 SYSTEMPATH\CodeIgniter.php(494): CodeIgniter\CodeIgniter->runController(Object(App\Controllers\Home))
 8 SYSTEMPATH\CodeIgniter.php(353): CodeIgniter\CodeIgniter->handleRequest(null, Object(Config\Cache), false)
 9 FCPATH\index.php(79): CodeIgniter\CodeIgniter->run()
10 SYSTEMPATH\Commands\Server\rewrite.php(47): require_once('D:\\laragon\\www\\CRUD\\public\\index.php')
ERROR - 2023-09-21 11:06:11 --> Error connecting to the database: mysqli_sql_exception: No connection could be made because the target machine actively refused it in D:\laragon\www\CRUD\system\Database\MySQLi\Connection.php:185
Stack trace:
#0 D:\laragon\www\CRUD\system\Database\MySQLi\Connection.php(185): mysqli->real_connect('localhost', 'root', '', 'product_listing', 3306, '', 0)
#1 D:\laragon\www\CRUD\system\Database\BaseConnection.php(391): CodeIgniter\Database\MySQLi\Connection->connect(false)
#2 D:\laragon\www\CRUD\system\Database\BaseConnection.php(574): CodeIgniter\Database\BaseConnection->initialize()
#3 D:\laragon\www\CRUD\system\Database\BaseBuilder.php(1615): CodeIgniter\Database\BaseConnection->query('SELECT *\nFROM `...', Array, false)
#4 D:\laragon\www\CRUD\system\Model.php(264): CodeIgniter\Database\BaseBuilder->get()
#5 D:\laragon\www\CRUD\system\BaseModel.php(662): CodeIgniter\Model->doFirst()
#6 D:\laragon\www\CRUD\app\Controllers\Home.php(30): CodeIgniter\BaseModel->first()
#7 D:\laragon\www\CRUD\system\CodeIgniter.php(919): App\Controllers\Home->edit('2')
#8 D:\laragon\www\CRUD\system\CodeIgniter.php(494): CodeIgniter\CodeIgniter->runController(Object(App\Controllers\Home))
#9 D:\laragon\www\CRUD\system\CodeIgniter.php(353): CodeIgniter\CodeIgniter->handleRequest(NULL, Object(Config\Cache), false)
#10 D:\laragon\www\CRUD\public\index.php(79): CodeIgniter\CodeIgniter->run()
#11 D:\laragon\www\CRUD\system\Commands\Server\rewrite.php(47): require_once('D:\\laragon\\www\\...')
#12 {main}

Next CodeIgniter\Database\Exceptions\DatabaseException: No connection could be made because the target machine actively refused it in D:\laragon\www\CRUD\system\Database\MySQLi\Connection.php:229
Stack trace:
#0 D:\laragon\www\CRUD\system\Database\BaseConnection.php(391): CodeIgniter\Database\MySQLi\Connection->connect(false)
#1 D:\laragon\www\CRUD\system\Database\BaseConnection.php(574): CodeIgniter\Database\BaseConnection->initialize()
#2 D:\laragon\www\CRUD\system\Database\BaseBuilder.php(1615): CodeIgniter\Database\BaseConnection->query('SELECT *\nFROM `...', Array, false)
#3 D:\laragon\www\CRUD\system\Model.php(264): CodeIgniter\Database\BaseBuilder->get()
#4 D:\laragon\www\CRUD\system\BaseModel.php(662): CodeIgniter\Model->doFirst()
#5 D:\laragon\www\CRUD\app\Controllers\Home.php(30): CodeIgniter\BaseModel->first()
#6 D:\laragon\www\CRUD\system\CodeIgniter.php(919): App\Controllers\Home->edit('2')
#7 D:\laragon\www\CRUD\system\CodeIgniter.php(494): CodeIgniter\CodeIgniter->runController(Object(App\Controllers\Home))
#8 D:\laragon\www\CRUD\system\CodeIgniter.php(353): CodeIgniter\CodeIgniter->handleRequest(NULL, Object(Config\Cache), false)
#9 D:\laragon\www\CRUD\public\index.php(79): CodeIgniter\CodeIgniter->run()
#10 D:\laragon\www\CRUD\system\Commands\Server\rewrite.php(47): require_once('D:\\laragon\\www\\...')
#11 {main}
CRITICAL - 2023-09-21 11:06:11 --> Unable to connect to the database.
Main connection [MySQLi]: No connection could be made because the target machine actively refused it
in SYSTEMPATH\Database\BaseConnection.php on line 427.
 1 SYSTEMPATH\Database\BaseConnection.php(574): CodeIgniter\Database\BaseConnection->initialize()
 2 SYSTEMPATH\Database\BaseBuilder.php(1615): CodeIgniter\Database\BaseConnection->query('SELECT *
FROM `list`
WHERE `ID` = :ID:
 LIMIT 1', [...], false)
 3 SYSTEMPATH\Model.php(264): CodeIgniter\Database\BaseBuilder->get()
 4 SYSTEMPATH\BaseModel.php(662): CodeIgniter\Model->doFirst()
 5 APPPATH\Controllers\Home.php(30): CodeIgniter\BaseModel->first()
 6 SYSTEMPATH\CodeIgniter.php(919): App\Controllers\Home->edit('2')
 7 SYSTEMPATH\CodeIgniter.php(494): CodeIgniter\CodeIgniter->runController(Object(App\Controllers\Home))
 8 SYSTEMPATH\CodeIgniter.php(353): CodeIgniter\CodeIgniter->handleRequest(null, Object(Config\Cache), false)
 9 FCPATH\index.php(79): CodeIgniter\CodeIgniter->run()
10 SYSTEMPATH\Commands\Server\rewrite.php(47): require_once('D:\\laragon\\www\\CRUD\\public\\index.php')
CRITICAL - 2023-09-21 11:07:32 --> Undefined variable $id
in APPPATH\Views\homepage.php on line 1.
 1 APPPATH\Views\homepage.php(1): CodeIgniter\Debug\Exceptions->errorHandler(2, 'Undefined variable $id', 'D:\\laragon\\www\\CRUD\\app\\Views\\homepage.php', 1)
 2 SYSTEMPATH\View\View.php(226): include('D:\\laragon\\www\\CRUD\\app\\Views\\homepage.php')
 3 SYSTEMPATH\View\View.php(229): CodeIgniter\View\View->CodeIgniter\View\{closure}()
 4 SYSTEMPATH\Common.php(1188): CodeIgniter\View\View->render('homepage', [], true)
 5 APPPATH\Controllers\Home.php(14): view('homepage')
 6 SYSTEMPATH\CodeIgniter.php(919): App\Controllers\Home->homepage()
 7 SYSTEMPATH\CodeIgniter.php(494): CodeIgniter\CodeIgniter->runController(Object(App\Controllers\Home))
 8 SYSTEMPATH\CodeIgniter.php(353): CodeIgniter\CodeIgniter->handleRequest(null, Object(Config\Cache), false)
 9 FCPATH\index.php(79): CodeIgniter\CodeIgniter->run()
10 SYSTEMPATH\Commands\Server\rewrite.php(47): require_once('D:\\laragon\\www\\CRUD\\public\\index.php')
ERROR - 2023-09-21 11:08:51 --> Error connecting to the database: mysqli_sql_exception: No connection could be made because the target machine actively refused it in D:\laragon\www\CRUD\system\Database\MySQLi\Connection.php:185
Stack trace:
#0 D:\laragon\www\CRUD\system\Database\MySQLi\Connection.php(185): mysqli->real_connect('localhost', 'root', '', 'product_listing', 3306, '', 0)
#1 D:\laragon\www\CRUD\system\Database\BaseConnection.php(391): CodeIgniter\Database\MySQLi\Connection->connect(false)
#2 D:\laragon\www\CRUD\system\Database\BaseConnection.php(574): CodeIgniter\Database\BaseConnection->initialize()
#3 D:\laragon\www\CRUD\system\Database\BaseBuilder.php(1615): CodeIgniter\Database\BaseConnection->query('SELECT *\nFROM `...', Array, false)
#4 D:\laragon\www\CRUD\system\Model.php(237): CodeIgniter\Database\BaseBuilder->get()
#5 D:\laragon\www\CRUD\system\BaseModel.php(624): CodeIgniter\Model->doFindAll(0, 0)
#6 D:\laragon\www\CRUD\app\Controllers\Home.php(24): CodeIgniter\BaseModel->findAll()
#7 D:\laragon\www\CRUD\system\CodeIgniter.php(919): App\Controllers\Home->list()
#8 D:\laragon\www\CRUD\system\CodeIgniter.php(494): CodeIgniter\CodeIgniter->runController(Object(App\Controllers\Home))
#9 D:\laragon\www\CRUD\system\CodeIgniter.php(353): CodeIgniter\CodeIgniter->handleRequest(NULL, Object(Config\Cache), false)
#10 D:\laragon\www\CRUD\public\index.php(79): CodeIgniter\CodeIgniter->run()
#11 D:\laragon\www\CRUD\system\Commands\Server\rewrite.php(47): require_once('D:\\laragon\\www\\...')
#12 {main}

Next CodeIgniter\Database\Exceptions\DatabaseException: No connection could be made because the target machine actively refused it in D:\laragon\www\CRUD\system\Database\MySQLi\Connection.php:229
Stack trace:
#0 D:\laragon\www\CRUD\system\Database\BaseConnection.php(391): CodeIgniter\Database\MySQLi\Connection->connect(false)
#1 D:\laragon\www\CRUD\system\Database\BaseConnection.php(574): CodeIgniter\Database\BaseConnection->initialize()
#2 D:\laragon\www\CRUD\system\Database\BaseBuilder.php(1615): CodeIgniter\Database\BaseConnection->query('SELECT *\nFROM `...', Array, false)
#3 D:\laragon\www\CRUD\system\Model.php(237): CodeIgniter\Database\BaseBuilder->get()
#4 D:\laragon\www\CRUD\system\BaseModel.php(624): CodeIgniter\Model->doFindAll(0, 0)
#5 D:\laragon\www\CRUD\app\Controllers\Home.php(24): CodeIgniter\BaseModel->findAll()
#6 D:\laragon\www\CRUD\system\CodeIgniter.php(919): App\Controllers\Home->list()
#7 D:\laragon\www\CRUD\system\CodeIgniter.php(494): CodeIgniter\CodeIgniter->runController(Object(App\Controllers\Home))
#8 D:\laragon\www\CRUD\system\CodeIgniter.php(353): CodeIgniter\CodeIgniter->handleRequest(NULL, Object(Config\Cache), false)
#9 D:\laragon\www\CRUD\public\index.php(79): CodeIgniter\CodeIgniter->run()
#10 D:\laragon\www\CRUD\system\Commands\Server\rewrite.php(47): require_once('D:\\laragon\\www\\...')
#11 {main}
CRITICAL - 2023-09-21 11:08:51 --> Unable to connect to the database.
Main connection [MySQLi]: No connection could be made because the target machine actively refused it
in SYSTEMPATH\Database\BaseConnection.php on line 427.
 1 SYSTEMPATH\Database\BaseConnection.php(574): CodeIgniter\Database\BaseConnection->initialize()
 2 SYSTEMPATH\Database\BaseBuilder.php(1615): CodeIgniter\Database\BaseConnection->query('SELECT *
FROM `list`', [], false)
 3 SYSTEMPATH\Model.php(237): CodeIgniter\Database\BaseBuilder->get()
 4 SYSTEMPATH\BaseModel.php(624): CodeIgniter\Model->doFindAll(0, 0)
 5 APPPATH\Controllers\Home.php(24): CodeIgniter\BaseModel->findAll()
 6 SYSTEMPATH\CodeIgniter.php(919): App\Controllers\Home->list()
 7 SYSTEMPATH\CodeIgniter.php(494): CodeIgniter\CodeIgniter->runController(Object(App\Controllers\Home))
 8 SYSTEMPATH\CodeIgniter.php(353): CodeIgniter\CodeIgniter->handleRequest(null, Object(Config\Cache), false)
 9 FCPATH\index.php(79): CodeIgniter\CodeIgniter->run()
10 SYSTEMPATH\Commands\Server\rewrite.php(47): require_once('D:\\laragon\\www\\CRUD\\public\\index.php')
ERROR - 2023-09-21 11:10:16 --> Error connecting to the database: mysqli_sql_exception: No connection could be made because the target machine actively refused it in D:\laragon\www\CRUD\system\Database\MySQLi\Connection.php:185
Stack trace:
#0 D:\laragon\www\CRUD\system\Database\MySQLi\Connection.php(185): mysqli->real_connect('localhost', 'root', '', 'product_listing', 3306, '', 0)
#1 D:\laragon\www\CRUD\system\Database\BaseConnection.php(391): CodeIgniter\Database\MySQLi\Connection->connect(false)
#2 D:\laragon\www\CRUD\system\Database\BaseConnection.php(574): CodeIgniter\Database\BaseConnection->initialize()
#3 D:\laragon\www\CRUD\system\Database\BaseBuilder.php(1615): CodeIgniter\Database\BaseConnection->query('SELECT *\nFROM `...', Array, false)
#4 D:\laragon\www\CRUD\system\Model.php(237): CodeIgniter\Database\BaseBuilder->get()
#5 D:\laragon\www\CRUD\system\BaseModel.php(624): CodeIgniter\Model->doFindAll(0, 0)
#6 D:\laragon\www\CRUD\app\Controllers\Home.php(24): CodeIgniter\BaseModel->findAll()
#7 D:\laragon\www\CRUD\system\CodeIgniter.php(919): App\Controllers\Home->list()
#8 D:\laragon\www\CRUD\system\CodeIgniter.php(494): CodeIgniter\CodeIgniter->runController(Object(App\Controllers\Home))
#9 D:\laragon\www\CRUD\system\CodeIgniter.php(353): CodeIgniter\CodeIgniter->handleRequest(NULL, Object(Config\Cache), false)
#10 D:\laragon\www\CRUD\public\index.php(79): CodeIgniter\CodeIgniter->run()
#11 D:\laragon\www\CRUD\system\Commands\Server\rewrite.php(47): require_once('D:\\laragon\\www\\...')
#12 {main}

Next CodeIgniter\Database\Exceptions\DatabaseException: No connection could be made because the target machine actively refused it in D:\laragon\www\CRUD\system\Database\MySQLi\Connection.php:229
Stack trace:
#0 D:\laragon\www\CRUD\system\Database\BaseConnection.php(391): CodeIgniter\Database\MySQLi\Connection->connect(false)
#1 D:\laragon\www\CRUD\system\Database\BaseConnection.php(574): CodeIgniter\Database\BaseConnection->initialize()
#2 D:\laragon\www\CRUD\system\Database\BaseBuilder.php(1615): CodeIgniter\Database\BaseConnection->query('SELECT *\nFROM `...', Array, false)
#3 D:\laragon\www\CRUD\system\Model.php(237): CodeIgniter\Database\BaseBuilder->get()
#4 D:\laragon\www\CRUD\system\BaseModel.php(624): CodeIgniter\Model->doFindAll(0, 0)
#5 D:\laragon\www\CRUD\app\Controllers\Home.php(24): CodeIgniter\BaseModel->findAll()
#6 D:\laragon\www\CRUD\system\CodeIgniter.php(919): App\Controllers\Home->list()
#7 D:\laragon\www\CRUD\system\CodeIgniter.php(494): CodeIgniter\CodeIgniter->runController(Object(App\Controllers\Home))
#8 D:\laragon\www\CRUD\system\CodeIgniter.php(353): CodeIgniter\CodeIgniter->handleRequest(NULL, Object(Config\Cache), false)
#9 D:\laragon\www\CRUD\public\index.php(79): CodeIgniter\CodeIgniter->run()
#10 D:\laragon\www\CRUD\system\Commands\Server\rewrite.php(47): require_once('D:\\laragon\\www\\...')
#11 {main}
CRITICAL - 2023-09-21 11:10:16 --> Unable to connect to the database.
Main connection [MySQLi]: No connection could be made because the target machine actively refused it
in SYSTEMPATH\Database\BaseConnection.php on line 427.
 1 SYSTEMPATH\Database\BaseConnection.php(574): CodeIgniter\Database\BaseConnection->initialize()
 2 SYSTEMPATH\Database\BaseBuilder.php(1615): CodeIgniter\Database\BaseConnection->query('SELECT *
FROM `list`', [], false)
 3 SYSTEMPATH\Model.php(237): CodeIgniter\Database\BaseBuilder->get()
 4 SYSTEMPATH\BaseModel.php(624): CodeIgniter\Model->doFindAll(0, 0)
 5 APPPATH\Controllers\Home.php(24): CodeIgniter\BaseModel->findAll()
 6 SYSTEMPATH\CodeIgniter.php(919): App\Controllers\Home->list()
 7 SYSTEMPATH\CodeIgniter.php(494): CodeIgniter\CodeIgniter->runController(Object(App\Controllers\Home))
 8 SYSTEMPATH\CodeIgniter.php(353): CodeIgniter\CodeIgniter->handleRequest(null, Object(Config\Cache), false)
 9 FCPATH\index.php(79): CodeIgniter\CodeIgniter->run()
10 SYSTEMPATH\Commands\Server\rewrite.php(47): require_once('D:\\laragon\\www\\CRUD\\public\\index.php')
CRITICAL - 2023-09-21 11:12:05 --> Undefined variable $id
in APPPATH\Views\homepage.php on line 1.
 1 APPPATH\Views\homepage.php(1): CodeIgniter\Debug\Exceptions->errorHandler(2, 'Undefined variable $id', 'D:\\laragon\\www\\CRUD\\app\\Views\\homepage.php', 1)
 2 SYSTEMPATH\View\View.php(226): include('D:\\laragon\\www\\CRUD\\app\\Views\\homepage.php')
 3 SYSTEMPATH\View\View.php(229): CodeIgniter\View\View->CodeIgniter\View\{closure}()
 4 SYSTEMPATH\Common.php(1188): CodeIgniter\View\View->render('homepage', [], true)
 5 APPPATH\Controllers\Home.php(14): view('homepage')
 6 SYSTEMPATH\CodeIgniter.php(919): App\Controllers\Home->homepage()
 7 SYSTEMPATH\CodeIgniter.php(494): CodeIgniter\CodeIgniter->runController(Object(App\Controllers\Home))
 8 SYSTEMPATH\CodeIgniter.php(353): CodeIgniter\CodeIgniter->handleRequest(null, Object(Config\Cache), false)
 9 FCPATH\index.php(79): CodeIgniter\CodeIgniter->run()
10 SYSTEMPATH\Commands\Server\rewrite.php(47): require_once('D:\\laragon\\www\\CRUD\\public\\index.php')
ERROR - 2023-09-21 11:13:38 --> Error connecting to the database: mysqli_sql_exception: No connection could be made because the target machine actively refused it in D:\laragon\www\CRUD\system\Database\MySQLi\Connection.php:185
Stack trace:
#0 D:\laragon\www\CRUD\system\Database\MySQLi\Connection.php(185): mysqli->real_connect('localhost', 'root', '', 'product_listing', 3306, '', 0)
#1 D:\laragon\www\CRUD\system\Database\BaseConnection.php(391): CodeIgniter\Database\MySQLi\Connection->connect(false)
#2 D:\laragon\www\CRUD\system\Database\BaseConnection.php(574): CodeIgniter\Database\BaseConnection->initialize()
#3 D:\laragon\www\CRUD\system\Database\BaseBuilder.php(1615): CodeIgniter\Database\BaseConnection->query('SELECT *\nFROM `...', Array, false)
#4 D:\laragon\www\CRUD\system\Model.php(264): CodeIgniter\Database\BaseBuilder->get()
#5 D:\laragon\www\CRUD\system\BaseModel.php(662): CodeIgniter\Model->doFirst()
#6 D:\laragon\www\CRUD\app\Controllers\Home.php(30): CodeIgniter\BaseModel->first()
#7 D:\laragon\www\CRUD\system\CodeIgniter.php(919): App\Controllers\Home->edit('2')
#8 D:\laragon\www\CRUD\system\CodeIgniter.php(494): CodeIgniter\CodeIgniter->runController(Object(App\Controllers\Home))
#9 D:\laragon\www\CRUD\system\CodeIgniter.php(353): CodeIgniter\CodeIgniter->handleRequest(NULL, Object(Config\Cache), false)
#10 D:\laragon\www\CRUD\public\index.php(79): CodeIgniter\CodeIgniter->run()
#11 D:\laragon\www\CRUD\system\Commands\Server\rewrite.php(47): require_once('D:\\laragon\\www\\...')
#12 {main}

Next CodeIgniter\Database\Exceptions\DatabaseException: No connection could be made because the target machine actively refused it in D:\laragon\www\CRUD\system\Database\MySQLi\Connection.php:229
Stack trace:
#0 D:\laragon\www\CRUD\system\Database\BaseConnection.php(391): CodeIgniter\Database\MySQLi\Connection->connect(false)
#1 D:\laragon\www\CRUD\system\Database\BaseConnection.php(574): CodeIgniter\Database\BaseConnection->initialize()
#2 D:\laragon\www\CRUD\system\Database\BaseBuilder.php(1615): CodeIgniter\Database\BaseConnection->query('SELECT *\nFROM `...', Array, false)
#3 D:\laragon\www\CRUD\system\Model.php(264): CodeIgniter\Database\BaseBuilder->get()
#4 D:\laragon\www\CRUD\system\BaseModel.php(662): CodeIgniter\Model->doFirst()
#5 D:\laragon\www\CRUD\app\Controllers\Home.php(30): CodeIgniter\BaseModel->first()
#6 D:\laragon\www\CRUD\system\CodeIgniter.php(919): App\Controllers\Home->edit('2')
#7 D:\laragon\www\CRUD\system\CodeIgniter.php(494): CodeIgniter\CodeIgniter->runController(Object(App\Controllers\Home))
#8 D:\laragon\www\CRUD\system\CodeIgniter.php(353): CodeIgniter\CodeIgniter->handleRequest(NULL, Object(Config\Cache), false)
#9 D:\laragon\www\CRUD\public\index.php(79): CodeIgniter\CodeIgniter->run()
#10 D:\laragon\www\CRUD\system\Commands\Server\rewrite.php(47): require_once('D:\\laragon\\www\\...')
#11 {main}
CRITICAL - 2023-09-21 11:13:38 --> Unable to connect to the database.
Main connection [MySQLi]: No connection could be made because the target machine actively refused it
in SYSTEMPATH\Database\BaseConnection.php on line 427.
 1 SYSTEMPATH\Database\BaseConnection.php(574): CodeIgniter\Database\BaseConnection->initialize()
 2 SYSTEMPATH\Database\BaseBuilder.php(1615): CodeIgniter\Database\BaseConnection->query('SELECT *
FROM `list`
WHERE `ID` = :ID:
 LIMIT 1', [...], false)
 3 SYSTEMPATH\Model.php(264): CodeIgniter\Database\BaseBuilder->get()
 4 SYSTEMPATH\BaseModel.php(662): CodeIgniter\Model->doFirst()
 5 APPPATH\Controllers\Home.php(30): CodeIgniter\BaseModel->first()
 6 SYSTEMPATH\CodeIgniter.php(919): App\Controllers\Home->edit('2')
 7 SYSTEMPATH\CodeIgniter.php(494): CodeIgniter\CodeIgniter->runController(Object(App\Controllers\Home))
 8 SYSTEMPATH\CodeIgniter.php(353): CodeIgniter\CodeIgniter->handleRequest(null, Object(Config\Cache), false)
 9 FCPATH\index.php(79): CodeIgniter\CodeIgniter->run()
10 SYSTEMPATH\Commands\Server\rewrite.php(47): require_once('D:\\laragon\\www\\CRUD\\public\\index.php')
CRITICAL - 2023-09-21 11:16:05 --> Undefined variable $id
in APPPATH\Views\homepage.php on line 1.
 1 APPPATH\Views\homepage.php(1): CodeIgniter\Debug\Exceptions->errorHandler(2, 'Undefined variable $id', 'D:\\laragon\\www\\CRUD\\app\\Views\\homepage.php', 1)
 2 SYSTEMPATH\View\View.php(226): include('D:\\laragon\\www\\CRUD\\app\\Views\\homepage.php')
 3 SYSTEMPATH\View\View.php(229): CodeIgniter\View\View->CodeIgniter\View\{closure}()
 4 SYSTEMPATH\Common.php(1188): CodeIgniter\View\View->render('homepage', [], true)
 5 APPPATH\Controllers\Home.php(14): view('homepage')
 6 SYSTEMPATH\CodeIgniter.php(919): App\Controllers\Home->homepage()
 7 SYSTEMPATH\CodeIgniter.php(494): CodeIgniter\CodeIgniter->runController(Object(App\Controllers\Home))
 8 SYSTEMPATH\CodeIgniter.php(353): CodeIgniter\CodeIgniter->handleRequest(null, Object(Config\Cache), false)
 9 FCPATH\index.php(79): CodeIgniter\CodeIgniter->run()
10 SYSTEMPATH\Commands\Server\rewrite.php(47): require_once('D:\\laragon\\www\\CRUD\\public\\index.php')
CRITICAL - 2023-09-21 12:35:52 --> Undefined property: App\Controllers\Home::$your_model
in APPPATH\Controllers\Home.php on line 58.
 1 APPPATH\Controllers\Home.php(58): CodeIgniter\Debug\Exceptions->errorHandler(2, 'Undefined property: App\\Controllers\\Home::$your_model', 'D:\\laragon\\www\\CRUD\\app\\Controllers\\Home.php', 58)
 2 SYSTEMPATH\CodeIgniter.php(919): App\Controllers\Home->delete('5')
 3 SYSTEMPATH\CodeIgniter.php(494): CodeIgniter\CodeIgniter->runController(Object(App\Controllers\Home))
 4 SYSTEMPATH\CodeIgniter.php(353): CodeIgniter\CodeIgniter->handleRequest(null, Object(Config\Cache), false)
 5 FCPATH\index.php(79): CodeIgniter\CodeIgniter->run()
 6 SYSTEMPATH\Commands\Server\rewrite.php(47): require_once('D:\\laragon\\www\\CRUD\\public\\index.php')
CRITICAL - 2023-09-21 12:36:29 --> Undefined property: App\Controllers\Home::$ProductModel
in APPPATH\Controllers\Home.php on line 58.
 1 APPPATH\Controllers\Home.php(58): CodeIgniter\Debug\Exceptions->errorHandler(2, 'Undefined property: App\\Controllers\\Home::$ProductModel', 'D:\\laragon\\www\\CRUD\\app\\Controllers\\Home.php', 58)
 2 SYSTEMPATH\CodeIgniter.php(919): App\Controllers\Home->delete('5')
 3 SYSTEMPATH\CodeIgniter.php(494): CodeIgniter\CodeIgniter->runController(Object(App\Controllers\Home))
 4 SYSTEMPATH\CodeIgniter.php(353): CodeIgniter\CodeIgniter->handleRequest(null, Object(Config\Cache), false)
 5 FCPATH\index.php(79): CodeIgniter\CodeIgniter->run()
 6 SYSTEMPATH\Commands\Server\rewrite.php(47): require_once('D:\\laragon\\www\\CRUD\\public\\index.php')
CRITICAL - 2023-09-21 12:36:46 --> Undefined property: App\Controllers\Home::$ProductModel
in APPPATH\Controllers\Home.php on line 58.
 1 APPPATH\Controllers\Home.php(58): CodeIgniter\Debug\Exceptions->errorHandler(2, 'Undefined property: App\\Controllers\\Home::$ProductModel', 'D:\\laragon\\www\\CRUD\\app\\Controllers\\Home.php', 58)
 2 SYSTEMPATH\CodeIgniter.php(919): App\Controllers\Home->delete('5')
 3 SYSTEMPATH\CodeIgniter.php(494): CodeIgniter\CodeIgniter->runController(Object(App\Controllers\Home))
 4 SYSTEMPATH\CodeIgniter.php(353): CodeIgniter\CodeIgniter->handleRequest(null, Object(Config\Cache), false)
 5 FCPATH\index.php(79): CodeIgniter\CodeIgniter->run()
 6 SYSTEMPATH\Commands\Server\rewrite.php(47): require_once('D:\\laragon\\www\\CRUD\\public\\index.php')
CRITICAL - 2023-09-21 12:36:48 --> Undefined property: App\Controllers\Home::$ProductModel
in APPPATH\Controllers\Home.php on line 58.
 1 APPPATH\Controllers\Home.php(58): CodeIgniter\Debug\Exceptions->errorHandler(2, 'Undefined property: App\\Controllers\\Home::$ProductModel', 'D:\\laragon\\www\\CRUD\\app\\Controllers\\Home.php', 58)
 2 SYSTEMPATH\CodeIgniter.php(919): App\Controllers\Home->delete('5')
 3 SYSTEMPATH\CodeIgniter.php(494): CodeIgniter\CodeIgniter->runController(Object(App\Controllers\Home))
 4 SYSTEMPATH\CodeIgniter.php(353): CodeIgniter\CodeIgniter->handleRequest(null, Object(Config\Cache), false)
 5 FCPATH\index.php(79): CodeIgniter\CodeIgniter->run()
 6 SYSTEMPATH\Commands\Server\rewrite.php(47): require_once('D:\\laragon\\www\\CRUD\\public\\index.php')
CRITICAL - 2023-09-21 12:36:53 --> Undefined property: App\Controllers\Home::$ProductModel
in APPPATH\Controllers\Home.php on line 58.
 1 APPPATH\Controllers\Home.php(58): CodeIgniter\Debug\Exceptions->errorHandler(2, 'Undefined property: App\\Controllers\\Home::$ProductModel', 'D:\\laragon\\www\\CRUD\\app\\Controllers\\Home.php', 58)
 2 SYSTEMPATH\CodeIgniter.php(919): App\Controllers\Home->delete('5')
 3 SYSTEMPATH\CodeIgniter.php(494): CodeIgniter\CodeIgniter->runController(Object(App\Controllers\Home))
 4 SYSTEMPATH\CodeIgniter.php(353): CodeIgniter\CodeIgniter->handleRequest(null, Object(Config\Cache), false)
 5 FCPATH\index.php(79): CodeIgniter\CodeIgniter->run()
 6 SYSTEMPATH\Commands\Server\rewrite.php(47): require_once('D:\\laragon\\www\\CRUD\\public\\index.php')
CRITICAL - 2023-09-21 12:37:05 --> Undefined property: App\Controllers\Home::$ProductModel
in APPPATH\Controllers\Home.php on line 58.
 1 APPPATH\Controllers\Home.php(58): CodeIgniter\Debug\Exceptions->errorHandler(2, 'Undefined property: App\\Controllers\\Home::$ProductModel', 'D:\\laragon\\www\\CRUD\\app\\Controllers\\Home.php', 58)
 2 SYSTEMPATH\CodeIgniter.php(919): App\Controllers\Home->delete('5')
 3 SYSTEMPATH\CodeIgniter.php(494): CodeIgniter\CodeIgniter->runController(Object(App\Controllers\Home))
 4 SYSTEMPATH\CodeIgniter.php(353): CodeIgniter\CodeIgniter->handleRequest(null, Object(Config\Cache), false)
 5 FCPATH\index.php(79): CodeIgniter\CodeIgniter->run()
 6 SYSTEMPATH\Commands\Server\rewrite.php(47): require_once('D:\\laragon\\www\\CRUD\\public\\index.php')
CRITICAL - 2023-09-21 12:40:03 --> Undefined property: App\Controllers\Home::$Home
in APPPATH\Controllers\Home.php on line 58.
 1 APPPATH\Controllers\Home.php(58): CodeIgniter\Debug\Exceptions->errorHandler(2, 'Undefined property: App\\Controllers\\Home::$Home', 'D:\\laragon\\www\\CRUD\\app\\Controllers\\Home.php', 58)
 2 SYSTEMPATH\CodeIgniter.php(919): App\Controllers\Home->delete('5')
 3 SYSTEMPATH\CodeIgniter.php(494): CodeIgniter\CodeIgniter->runController(Object(App\Controllers\Home))
 4 SYSTEMPATH\CodeIgniter.php(353): CodeIgniter\CodeIgniter->handleRequest(null, Object(Config\Cache), false)
 5 FCPATH\index.php(79): CodeIgniter\CodeIgniter->run()
 6 SYSTEMPATH\Commands\Server\rewrite.php(47): require_once('D:\\laragon\\www\\CRUD\\public\\index.php')
CRITICAL - 2023-09-21 12:40:30 --> Undefined variable $Home
in APPPATH\Controllers\Home.php on line 58.
 1 APPPATH\Controllers\Home.php(58): CodeIgniter\Debug\Exceptions->errorHandler(2, 'Undefined variable $Home', 'D:\\laragon\\www\\CRUD\\app\\Controllers\\Home.php', 58)
 2 SYSTEMPATH\CodeIgniter.php(919): App\Controllers\Home->delete('5')
 3 SYSTEMPATH\CodeIgniter.php(494): CodeIgniter\CodeIgniter->runController(Object(App\Controllers\Home))
 4 SYSTEMPATH\CodeIgniter.php(353): CodeIgniter\CodeIgniter->handleRequest(null, Object(Config\Cache), false)
 5 FCPATH\index.php(79): CodeIgniter\CodeIgniter->run()
 6 SYSTEMPATH\Commands\Server\rewrite.php(47): require_once('D:\\laragon\\www\\CRUD\\public\\index.php')
CRITICAL - 2023-09-21 12:40:47 --> Undefined property: App\Controllers\Home::$Home
in APPPATH\Controllers\Home.php on line 58.
 1 APPPATH\Controllers\Home.php(58): CodeIgniter\Debug\Exceptions->errorHandler(2, 'Undefined property: App\\Controllers\\Home::$Home', 'D:\\laragon\\www\\CRUD\\app\\Controllers\\Home.php', 58)
 2 SYSTEMPATH\CodeIgniter.php(919): App\Controllers\Home->delete('5')
 3 SYSTEMPATH\CodeIgniter.php(494): CodeIgniter\CodeIgniter->runController(Object(App\Controllers\Home))
 4 SYSTEMPATH\CodeIgniter.php(353): CodeIgniter\CodeIgniter->handleRequest(null, Object(Config\Cache), false)
 5 FCPATH\index.php(79): CodeIgniter\CodeIgniter->run()
 6 SYSTEMPATH\Commands\Server\rewrite.php(47): require_once('D:\\laragon\\www\\CRUD\\public\\index.php')
CRITICAL - 2023-09-21 13:21:58 --> Trying to access array offset on value of type null
in APPPATH\Views\edit.php on line 10.
 1 APPPATH\Views\edit.php(10): CodeIgniter\Debug\Exceptions->errorHandler(2, 'Trying to access array offset on value of type null', 'D:\\laragon\\www\\CRUD\\app\\Views\\edit.php', 10)
 2 SYSTEMPATH\View\View.php(226): include('D:\\laragon\\www\\CRUD\\app\\Views\\edit.php')
 3 SYSTEMPATH\View\View.php(229): CodeIgniter\View\View->CodeIgniter\View\{closure}()
 4 SYSTEMPATH\Common.php(1188): CodeIgniter\View\View->render('edit', [], true)
 5 APPPATH\Controllers\Home.php(31): view('edit', [...])
 6 SYSTEMPATH\CodeIgniter.php(919): App\Controllers\Home->edit('2')
 7 SYSTEMPATH\CodeIgniter.php(494): CodeIgniter\CodeIgniter->runController(Object(App\Controllers\Home))
 8 SYSTEMPATH\CodeIgniter.php(353): CodeIgniter\CodeIgniter->handleRequest(null, Object(Config\Cache), false)
 9 FCPATH\index.php(79): CodeIgniter\CodeIgniter->run()
10 SYSTEMPATH\Commands\Server\rewrite.php(47): require_once('D:\\laragon\\www\\CRUD\\public\\index.php')
CRITICAL - 2023-09-21 13:22:02 --> Trying to access array offset on value of type null
in APPPATH\Views\edit.php on line 10.
 1 APPPATH\Views\edit.php(10): CodeIgniter\Debug\Exceptions->errorHandler(2, 'Trying to access array offset on value of type null', 'D:\\laragon\\www\\CRUD\\app\\Views\\edit.php', 10)
 2 SYSTEMPATH\View\View.php(226): include('D:\\laragon\\www\\CRUD\\app\\Views\\edit.php')
 3 SYSTEMPATH\View\View.php(229): CodeIgniter\View\View->CodeIgniter\View\{closure}()
 4 SYSTEMPATH\Common.php(1188): CodeIgniter\View\View->render('edit', [], true)
 5 APPPATH\Controllers\Home.php(31): view('edit', [...])
 6 SYSTEMPATH\CodeIgniter.php(919): App\Controllers\Home->edit('7')
 7 SYSTEMPATH\CodeIgniter.php(494): CodeIgniter\CodeIgniter->runController(Object(App\Controllers\Home))
 8 SYSTEMPATH\CodeIgniter.php(353): CodeIgniter\CodeIgniter->handleRequest(null, Object(Config\Cache), false)
 9 FCPATH\index.php(79): CodeIgniter\CodeIgniter->run()
10 SYSTEMPATH\Commands\Server\rewrite.php(47): require_once('D:\\laragon\\www\\CRUD\\public\\index.php')
CRITICAL - 2023-09-21 13:35:39 --> Undefined array key "ProductName"
in APPPATH\Views\products.php on line 25.
 1 APPPATH\Views\products.php(25): CodeIgniter\Debug\Exceptions->errorHandler(2, 'Undefined array key "ProductName"', 'D:\\laragon\\www\\CRUD\\app\\Views\\products.php', 25)
 2 SYSTEMPATH\View\View.php(226): include('D:\\laragon\\www\\CRUD\\app\\Views\\products.php')
 3 SYSTEMPATH\View\View.php(229): CodeIgniter\View\View->CodeIgniter\View\{closure}()
 4 SYSTEMPATH\Common.php(1188): CodeIgniter\View\View->render('products', [], true)
 5 APPPATH\Controllers\Home.php(25): view('products', [...])
 6 SYSTEMPATH\CodeIgniter.php(919): App\Controllers\Home->table_products()
 7 SYSTEMPATH\CodeIgniter.php(494): CodeIgniter\CodeIgniter->runController(Object(App\Controllers\Home))
 8 SYSTEMPATH\CodeIgniter.php(353): CodeIgniter\CodeIgniter->handleRequest(null, Object(Config\Cache), false)
 9 FCPATH\index.php(79): CodeIgniter\CodeIgniter->run()
10 SYSTEMPATH\Commands\Server\rewrite.php(47): require_once('D:\\laragon\\www\\CRUD\\public\\index.php')
CRITICAL - 2023-09-21 13:37:10 --> Undefined array key "ProductName"
in APPPATH\Views\edit.php on line 12.
 1 APPPATH\Views\edit.php(12): CodeIgniter\Debug\Exceptions->errorHandler(2, 'Undefined array key "ProductName"', 'D:\\laragon\\www\\CRUD\\app\\Views\\edit.php', 12)
 2 SYSTEMPATH\View\View.php(226): include('D:\\laragon\\www\\CRUD\\app\\Views\\edit.php')
 3 SYSTEMPATH\View\View.php(229): CodeIgniter\View\View->CodeIgniter\View\{closure}()
 4 SYSTEMPATH\Common.php(1188): CodeIgniter\View\View->render('edit', [], true)
 5 APPPATH\Controllers\Home.php(31): view('edit', [...])
 6 SYSTEMPATH\CodeIgniter.php(919): App\Controllers\Home->edit('1')
 7 SYSTEMPATH\CodeIgniter.php(494): CodeIgniter\CodeIgniter->runController(Object(App\Controllers\Home))
 8 SYSTEMPATH\CodeIgniter.php(353): CodeIgniter\CodeIgniter->handleRequest(null, Object(Config\Cache), false)
 9 FCPATH\index.php(79): CodeIgniter\CodeIgniter->run()
10 SYSTEMPATH\Commands\Server\rewrite.php(47): require_once('D:\\laragon\\www\\CRUD\\public\\index.php')
ERROR - 2023-09-21 13:40:01 --> mysqli_sql_exception: Unknown column 'UPC' in 'field list' in D:\laragon\www\CRUD\system\Database\MySQLi\Connection.php:306
Stack trace:
#0 D:\laragon\www\CRUD\system\Database\MySQLi\Connection.php(306): mysqli->query('UPDATE `table_p...', 0)
#1 D:\laragon\www\CRUD\system\Database\BaseConnection.php(692): CodeIgniter\Database\MySQLi\Connection->execute('UPDATE `table_p...')
#2 D:\laragon\www\CRUD\system\Database\BaseConnection.php(606): CodeIgniter\Database\BaseConnection->simpleQuery('UPDATE `table_p...')
#3 D:\laragon\www\CRUD\system\Database\BaseBuilder.php(2475): CodeIgniter\Database\BaseConnection->query('UPDATE `table_p...', Array, false)
#4 D:\laragon\www\CRUD\system\Model.php(385): CodeIgniter\Database\BaseBuilder->update()
#5 D:\laragon\www\CRUD\system\BaseModel.php(949): CodeIgniter\Model->doUpdate(NULL, Array)
#6 D:\laragon\www\CRUD\system\Model.php(776): CodeIgniter\BaseModel->update(NULL, Array)
#7 D:\laragon\www\CRUD\app\Controllers\Home.php(50): CodeIgniter\Model->update()
#8 D:\laragon\www\CRUD\system\CodeIgniter.php(919): App\Controllers\Home->update()
#9 D:\laragon\www\CRUD\system\CodeIgniter.php(494): CodeIgniter\CodeIgniter->runController(Object(App\Controllers\Home))
#10 D:\laragon\www\CRUD\system\CodeIgniter.php(353): CodeIgniter\CodeIgniter->handleRequest(NULL, Object(Config\Cache), false)
#11 D:\laragon\www\CRUD\public\index.php(79): CodeIgniter\CodeIgniter->run()
#12 D:\laragon\www\CRUD\system\Commands\Server\rewrite.php(47): require_once('D:\\laragon\\www\\...')
#13 {main}
CRITICAL - 2023-09-21 13:40:01 --> Unknown column 'UPC' in 'field list'
in SYSTEMPATH\Database\BaseConnection.php on line 646.
 1 SYSTEMPATH\Database\BaseBuilder.php(2475): CodeIgniter\Database\BaseConnection->query('UPDATE `table_products` SET `UPC` = :UPC:, `ProductName` = :ProductName:, `Price` = :Price:, `Quantity` = :Quantity:
WHERE `id` = :id:', [...], false)
 2 SYSTEMPATH\Model.php(385): CodeIgniter\Database\BaseBuilder->update()
 3 SYSTEMPATH\BaseModel.php(949): CodeIgniter\Model->doUpdate(null, [...])
 4 SYSTEMPATH\Model.php(776): CodeIgniter\BaseModel->update(null, [...])
 5 APPPATH\Controllers\Home.php(50): CodeIgniter\Model->update()
 6 SYSTEMPATH\CodeIgniter.php(919): App\Controllers\Home->update()
 7 SYSTEMPATH\CodeIgniter.php(494): CodeIgniter\CodeIgniter->runController(Object(App\Controllers\Home))
 8 SYSTEMPATH\CodeIgniter.php(353): CodeIgniter\CodeIgniter->handleRequest(null, Object(Config\Cache), false)
 9 FCPATH\index.php(79): CodeIgniter\CodeIgniter->run()
10 SYSTEMPATH\Commands\Server\rewrite.php(47): require_once('D:\\laragon\\www\\CRUD\\public\\index.php')
CRITICAL - 2023-09-21 14:26:35 --> Undefined variable $id
in APPPATH\Controllers\Home.php on line 50.
 1 APPPATH\Controllers\Home.php(50): CodeIgniter\Debug\Exceptions->errorHandler(2, 'Undefined variable $id', 'D:\\laragon\\www\\CRUD\\app\\Controllers\\Home.php', 50)
 2 SYSTEMPATH\CodeIgniter.php(919): App\Controllers\Home->update()
 3 SYSTEMPATH\CodeIgniter.php(494): CodeIgniter\CodeIgniter->runController(Object(App\Controllers\Home))
 4 SYSTEMPATH\CodeIgniter.php(353): CodeIgniter\CodeIgniter->handleRequest(null, Object(Config\Cache), false)
 5 FCPATH\index.php(79): CodeIgniter\CodeIgniter->run()
 6 SYSTEMPATH\Commands\Server\rewrite.php(47): require_once('D:\\laragon\\www\\CRUD\\public\\index.php')
CRITICAL - 2023-09-21 14:27:00 --> Undefined variable $id
in APPPATH\Controllers\Home.php on line 50.
 1 APPPATH\Controllers\Home.php(50): CodeIgniter\Debug\Exceptions->errorHandler(2, 'Undefined variable $id', 'D:\\laragon\\www\\CRUD\\app\\Controllers\\Home.php', 50)
 2 SYSTEMPATH\CodeIgniter.php(919): App\Controllers\Home->update()
 3 SYSTEMPATH\CodeIgniter.php(494): CodeIgniter\CodeIgniter->runController(Object(App\Controllers\Home))
 4 SYSTEMPATH\CodeIgniter.php(353): CodeIgniter\CodeIgniter->handleRequest(null, Object(Config\Cache), false)
 5 FCPATH\index.php(79): CodeIgniter\CodeIgniter->run()
 6 SYSTEMPATH\Commands\Server\rewrite.php(47): require_once('D:\\laragon\\www\\CRUD\\public\\index.php')
CRITICAL - 2023-09-21 14:27:04 --> Undefined variable $Name
in APPPATH\Controllers\Home.php on line 30.
 1 APPPATH\Controllers\Home.php(30): CodeIgniter\Debug\Exceptions->errorHandler(2, 'Undefined variable $Name', 'D:\\laragon\\www\\CRUD\\app\\Controllers\\Home.php', 30)
 2 SYSTEMPATH\CodeIgniter.php(919): App\Controllers\Home->edit('3')
 3 SYSTEMPATH\CodeIgniter.php(494): CodeIgniter\CodeIgniter->runController(Object(App\Controllers\Home))
 4 SYSTEMPATH\CodeIgniter.php(353): CodeIgniter\CodeIgniter->handleRequest(null, Object(Config\Cache), false)
 5 FCPATH\index.php(79): CodeIgniter\CodeIgniter->run()
 6 SYSTEMPATH\Commands\Server\rewrite.php(47): require_once('D:\\laragon\\www\\CRUD\\public\\index.php')
CRITICAL - 2023-09-21 14:27:08 --> Undefined variable $Name
in APPPATH\Controllers\Home.php on line 30.
 1 APPPATH\Controllers\Home.php(30): CodeIgniter\Debug\Exceptions->errorHandler(2, 'Undefined variable $Name', 'D:\\laragon\\www\\CRUD\\app\\Controllers\\Home.php', 30)
 2 SYSTEMPATH\CodeIgniter.php(919): App\Controllers\Home->edit('1')
 3 SYSTEMPATH\CodeIgniter.php(494): CodeIgniter\CodeIgniter->runController(Object(App\Controllers\Home))
 4 SYSTEMPATH\CodeIgniter.php(353): CodeIgniter\CodeIgniter->handleRequest(null, Object(Config\Cache), false)
 5 FCPATH\index.php(79): CodeIgniter\CodeIgniter->run()
 6 SYSTEMPATH\Commands\Server\rewrite.php(47): require_once('D:\\laragon\\www\\CRUD\\public\\index.php')
CRITICAL - 2023-09-21 14:27:24 --> Undefined variable $id
in APPPATH\Controllers\Home.php on line 50.
 1 APPPATH\Controllers\Home.php(50): CodeIgniter\Debug\Exceptions->errorHandler(2, 'Undefined variable $id', 'D:\\laragon\\www\\CRUD\\app\\Controllers\\Home.php', 50)
 2 SYSTEMPATH\CodeIgniter.php(919): App\Controllers\Home->update()
 3 SYSTEMPATH\CodeIgniter.php(494): CodeIgniter\CodeIgniter->runController(Object(App\Controllers\Home))
 4 SYSTEMPATH\CodeIgniter.php(353): CodeIgniter\CodeIgniter->handleRequest(null, Object(Config\Cache), false)
 5 FCPATH\index.php(79): CodeIgniter\CodeIgniter->run()
 6 SYSTEMPATH\Commands\Server\rewrite.php(47): require_once('D:\\laragon\\www\\CRUD\\public\\index.php')
CRITICAL - 2023-09-21 14:28:32 --> Undefined variable $id
in APPPATH\Controllers\Home.php on line 50.
 1 APPPATH\Controllers\Home.php(50): CodeIgniter\Debug\Exceptions->errorHandler(2, 'Undefined variable $id', 'D:\\laragon\\www\\CRUD\\app\\Controllers\\Home.php', 50)
 2 SYSTEMPATH\CodeIgniter.php(919): App\Controllers\Home->update()
 3 SYSTEMPATH\CodeIgniter.php(494): CodeIgniter\CodeIgniter->runController(Object(App\Controllers\Home))
 4 SYSTEMPATH\CodeIgniter.php(353): CodeIgniter\CodeIgniter->handleRequest(null, Object(Config\Cache), false)
 5 FCPATH\index.php(79): CodeIgniter\CodeIgniter->run()
 6 SYSTEMPATH\Commands\Server\rewrite.php(47): require_once('D:\\laragon\\www\\CRUD\\public\\index.php')
CRITICAL - 2023-09-21 14:29:09 --> Undefined variable $id
in APPPATH\Controllers\Home.php on line 50.
 1 APPPATH\Controllers\Home.php(50): CodeIgniter\Debug\Exceptions->errorHandler(2, 'Undefined variable $id', 'D:\\laragon\\www\\CRUD\\app\\Controllers\\Home.php', 50)
 2 SYSTEMPATH\CodeIgniter.php(919): App\Controllers\Home->update()
 3 SYSTEMPATH\CodeIgniter.php(494): CodeIgniter\CodeIgniter->runController(Object(App\Controllers\Home))
 4 SYSTEMPATH\CodeIgniter.php(353): CodeIgniter\CodeIgniter->handleRequest(null, Object(Config\Cache), false)
 5 FCPATH\index.php(79): CodeIgniter\CodeIgniter->run()
 6 SYSTEMPATH\Commands\Server\rewrite.php(47): require_once('D:\\laragon\\www\\CRUD\\public\\index.php')
CRITICAL - 2023-09-21 14:34:51 --> Updates are not allowed unless they contain a "where" or "like" clause.
in SYSTEMPATH\Model.php on line 380.
 1 SYSTEMPATH\BaseModel.php(949): CodeIgniter\Model->doUpdate(null, [...])
 2 SYSTEMPATH\Model.php(776): CodeIgniter\BaseModel->update(null, [...])
 3 APPPATH\Controllers\Home.php(54): CodeIgniter\Model->update(null, [...])
 4 SYSTEMPATH\CodeIgniter.php(919): App\Controllers\Home->update()
 5 SYSTEMPATH\CodeIgniter.php(494): CodeIgniter\CodeIgniter->runController(Object(App\Controllers\Home))
 6 SYSTEMPATH\CodeIgniter.php(353): CodeIgniter\CodeIgniter->handleRequest(null, Object(Config\Cache), false)
 7 FCPATH\index.php(79): CodeIgniter\CodeIgniter->run()
 8 SYSTEMPATH\Commands\Server\rewrite.php(47): require_once('D:\\laragon\\www\\CRUD\\public\\index.php')
CRITICAL - 2023-09-21 14:37:24 --> Updates are not allowed unless they contain a "where" or "like" clause.
in SYSTEMPATH\Model.php on line 380.
 1 SYSTEMPATH\BaseModel.php(949): CodeIgniter\Model->doUpdate(null, [...])
 2 SYSTEMPATH\Model.php(776): CodeIgniter\BaseModel->update(null, [...])
 3 APPPATH\Controllers\Home.php(61): CodeIgniter\Model->update(null, [...])
 4 SYSTEMPATH\CodeIgniter.php(919): App\Controllers\Home->update()
 5 SYSTEMPATH\CodeIgniter.php(494): CodeIgniter\CodeIgniter->runController(Object(App\Controllers\Home))
 6 SYSTEMPATH\CodeIgniter.php(353): CodeIgniter\CodeIgniter->handleRequest(null, Object(Config\Cache), false)
 7 FCPATH\index.php(79): CodeIgniter\CodeIgniter->run()
 8 SYSTEMPATH\Commands\Server\rewrite.php(47): require_once('D:\\laragon\\www\\CRUD\\public\\index.php')
CRITICAL - 2023-09-21 14:41:20 --> Updates are not allowed unless they contain a "where" or "like" clause.
in SYSTEMPATH\Model.php on line 380.
 1 SYSTEMPATH\BaseModel.php(949): CodeIgniter\Model->doUpdate(null, [...])
 2 SYSTEMPATH\Model.php(776): CodeIgniter\BaseModel->update(null, [...])
 3 APPPATH\Controllers\Home.php(50): CodeIgniter\Model->update()
 4 SYSTEMPATH\CodeIgniter.php(919): App\Controllers\Home->update()
 5 SYSTEMPATH\CodeIgniter.php(494): CodeIgniter\CodeIgniter->runController(Object(App\Controllers\Home))
 6 SYSTEMPATH\CodeIgniter.php(353): CodeIgniter\CodeIgniter->handleRequest(null, Object(Config\Cache), false)
 7 FCPATH\index.php(79): CodeIgniter\CodeIgniter->run()
 8 SYSTEMPATH\Commands\Server\rewrite.php(47): require_once('D:\\laragon\\www\\CRUD\\public\\index.php')
CRITICAL - 2023-09-21 14:42:30 --> Undefined variable $id
in APPPATH\Controllers\Home.php on line 48.
 1 APPPATH\Controllers\Home.php(48): CodeIgniter\Debug\Exceptions->errorHandler(2, 'Undefined variable $id', 'D:\\laragon\\www\\CRUD\\app\\Controllers\\Home.php', 48)
 2 SYSTEMPATH\CodeIgniter.php(919): App\Controllers\Home->update()
 3 SYSTEMPATH\CodeIgniter.php(494): CodeIgniter\CodeIgniter->runController(Object(App\Controllers\Home))
 4 SYSTEMPATH\CodeIgniter.php(353): CodeIgniter\CodeIgniter->handleRequest(null, Object(Config\Cache), false)
 5 FCPATH\index.php(79): CodeIgniter\CodeIgniter->run()
 6 SYSTEMPATH\Commands\Server\rewrite.php(47): require_once('D:\\laragon\\www\\CRUD\\public\\index.php')
CRITICAL - 2023-09-21 14:58:46 --> Trying to access array offset on value of type null
in APPPATH\Views\edit.php on line 10.
 1 APPPATH\Views\edit.php(10): CodeIgniter\Debug\Exceptions->errorHandler(2, 'Trying to access array offset on value of type null', 'D:\\laragon\\www\\CRUD\\app\\Views\\edit.php', 10)
 2 SYSTEMPATH\View\View.php(226): include('D:\\laragon\\www\\CRUD\\app\\Views\\edit.php')
 3 SYSTEMPATH\View\View.php(229): CodeIgniter\View\View->CodeIgniter\View\{closure}()
 4 SYSTEMPATH\Common.php(1188): CodeIgniter\View\View->render('edit', [], true)
 5 APPPATH\Controllers\Home.php(31): view('edit', [...])
 6 SYSTEMPATH\CodeIgniter.php(919): App\Controllers\Home->edit('colgate')
 7 SYSTEMPATH\CodeIgniter.php(494): CodeIgniter\CodeIgniter->runController(Object(App\Controllers\Home))
 8 SYSTEMPATH\CodeIgniter.php(353): CodeIgniter\CodeIgniter->handleRequest(null, Object(Config\Cache), false)
 9 FCPATH\index.php(79): CodeIgniter\CodeIgniter->run()
10 SYSTEMPATH\Commands\Server\rewrite.php(47): require_once('D:\\laragon\\www\\CRUD\\public\\index.php')
CRITICAL - 2023-09-21 14:59:01 --> Trying to access array offset on value of type null
in APPPATH\Views\edit.php on line 10.
 1 APPPATH\Views\edit.php(10): CodeIgniter\Debug\Exceptions->errorHandler(2, 'Trying to access array offset on value of type null', 'D:\\laragon\\www\\CRUD\\app\\Views\\edit.php', 10)
 2 SYSTEMPATH\View\View.php(226): include('D:\\laragon\\www\\CRUD\\app\\Views\\edit.php')
 3 SYSTEMPATH\View\View.php(229): CodeIgniter\View\View->CodeIgniter\View\{closure}()
 4 SYSTEMPATH\Common.php(1188): CodeIgniter\View\View->render('edit', [], true)
 5 APPPATH\Controllers\Home.php(31): view('edit', [...])
 6 SYSTEMPATH\CodeIgniter.php(919): App\Controllers\Home->edit('colgate')
 7 SYSTEMPATH\CodeIgniter.php(494): CodeIgniter\CodeIgniter->runController(Object(App\Controllers\Home))
 8 SYSTEMPATH\CodeIgniter.php(353): CodeIgniter\CodeIgniter->handleRequest(null, Object(Config\Cache), false)
 9 FCPATH\index.php(79): CodeIgniter\CodeIgniter->run()
10 SYSTEMPATH\Commands\Server\rewrite.php(47): require_once('D:\\laragon\\www\\CRUD\\public\\index.php')
CRITICAL - 2023-09-21 14:59:02 --> Trying to access array offset on value of type null
in APPPATH\Views\edit.php on line 10.
 1 APPPATH\Views\edit.php(10): CodeIgniter\Debug\Exceptions->errorHandler(2, 'Trying to access array offset on value of type null', 'D:\\laragon\\www\\CRUD\\app\\Views\\edit.php', 10)
 2 SYSTEMPATH\View\View.php(226): include('D:\\laragon\\www\\CRUD\\app\\Views\\edit.php')
 3 SYSTEMPATH\View\View.php(229): CodeIgniter\View\View->CodeIgniter\View\{closure}()
 4 SYSTEMPATH\Common.php(1188): CodeIgniter\View\View->render('edit', [], true)
 5 APPPATH\Controllers\Home.php(31): view('edit', [...])
 6 SYSTEMPATH\CodeIgniter.php(919): App\Controllers\Home->edit('colgate')
 7 SYSTEMPATH\CodeIgniter.php(494): CodeIgniter\CodeIgniter->runController(Object(App\Controllers\Home))
 8 SYSTEMPATH\CodeIgniter.php(353): CodeIgniter\CodeIgniter->handleRequest(null, Object(Config\Cache), false)
 9 FCPATH\index.php(79): CodeIgniter\CodeIgniter->run()
10 SYSTEMPATH\Commands\Server\rewrite.php(47): require_once('D:\\laragon\\www\\CRUD\\public\\index.php')
CRITICAL - 2023-09-21 14:59:03 --> Trying to access array offset on value of type null
in APPPATH\Views\edit.php on line 10.
 1 APPPATH\Views\edit.php(10): CodeIgniter\Debug\Exceptions->errorHandler(2, 'Trying to access array offset on value of type null', 'D:\\laragon\\www\\CRUD\\app\\Views\\edit.php', 10)
 2 SYSTEMPATH\View\View.php(226): include('D:\\laragon\\www\\CRUD\\app\\Views\\edit.php')
 3 SYSTEMPATH\View\View.php(229): CodeIgniter\View\View->CodeIgniter\View\{closure}()
 4 SYSTEMPATH\Common.php(1188): CodeIgniter\View\View->render('edit', [], true)
 5 APPPATH\Controllers\Home.php(31): view('edit', [...])
 6 SYSTEMPATH\CodeIgniter.php(919): App\Controllers\Home->edit('colgate')
 7 SYSTEMPATH\CodeIgniter.php(494): CodeIgniter\CodeIgniter->runController(Object(App\Controllers\Home))
 8 SYSTEMPATH\CodeIgniter.php(353): CodeIgniter\CodeIgniter->handleRequest(null, Object(Config\Cache), false)
 9 FCPATH\index.php(79): CodeIgniter\CodeIgniter->run()
10 SYSTEMPATH\Commands\Server\rewrite.php(47): require_once('D:\\laragon\\www\\CRUD\\public\\index.php')
CRITICAL - 2023-09-21 14:59:03 --> Trying to access array offset on value of type null
in APPPATH\Views\edit.php on line 10.
 1 APPPATH\Views\edit.php(10): CodeIgniter\Debug\Exceptions->errorHandler(2, 'Trying to access array offset on value of type null', 'D:\\laragon\\www\\CRUD\\app\\Views\\edit.php', 10)
 2 SYSTEMPATH\View\View.php(226): include('D:\\laragon\\www\\CRUD\\app\\Views\\edit.php')
 3 SYSTEMPATH\View\View.php(229): CodeIgniter\View\View->CodeIgniter\View\{closure}()
 4 SYSTEMPATH\Common.php(1188): CodeIgniter\View\View->render('edit', [], true)
 5 APPPATH\Controllers\Home.php(31): view('edit', [...])
 6 SYSTEMPATH\CodeIgniter.php(919): App\Controllers\Home->edit('colgate')
 7 SYSTEMPATH\CodeIgniter.php(494): CodeIgniter\CodeIgniter->runController(Object(App\Controllers\Home))
 8 SYSTEMPATH\CodeIgniter.php(353): CodeIgniter\CodeIgniter->handleRequest(null, Object(Config\Cache), false)
 9 FCPATH\index.php(79): CodeIgniter\CodeIgniter->run()
10 SYSTEMPATH\Commands\Server\rewrite.php(47): require_once('D:\\laragon\\www\\CRUD\\public\\index.php')
CRITICAL - 2023-09-21 15:02:17 --> Updates are not allowed unless they contain a "where" or "like" clause.
in SYSTEMPATH\Model.php on line 380.
 1 SYSTEMPATH\BaseModel.php(949): CodeIgniter\Model->doUpdate(null, [...])
 2 SYSTEMPATH\Model.php(776): CodeIgniter\BaseModel->update(null, [...])
 3 APPPATH\Controllers\Home.php(46): CodeIgniter\Model->update(null, [...])
 4 SYSTEMPATH\CodeIgniter.php(919): App\Controllers\Home->update()
 5 SYSTEMPATH\CodeIgniter.php(494): CodeIgniter\CodeIgniter->runController(Object(App\Controllers\Home))
 6 SYSTEMPATH\CodeIgniter.php(353): CodeIgniter\CodeIgniter->handleRequest(null, Object(Config\Cache), false)
 7 FCPATH\index.php(79): CodeIgniter\CodeIgniter->run()
 8 SYSTEMPATH\Commands\Server\rewrite.php(47): require_once('D:\\laragon\\www\\CRUD\\public\\index.php')
CRITICAL - 2023-09-21 15:05:35 --> Undefined variable $p
in APPPATH\Controllers\Home.php on line 44.
 1 APPPATH\Controllers\Home.php(44): CodeIgniter\Debug\Exceptions->errorHandler(2, 'Undefined variable $p', 'D:\\laragon\\www\\CRUD\\app\\Controllers\\Home.php', 44)
 2 SYSTEMPATH\CodeIgniter.php(919): App\Controllers\Home->update()
 3 SYSTEMPATH\CodeIgniter.php(494): CodeIgniter\CodeIgniter->runController(Object(App\Controllers\Home))
 4 SYSTEMPATH\CodeIgniter.php(353): CodeIgniter\CodeIgniter->handleRequest(null, Object(Config\Cache), false)
 5 FCPATH\index.php(79): CodeIgniter\CodeIgniter->run()
 6 SYSTEMPATH\Commands\Server\rewrite.php(47): require_once('D:\\laragon\\www\\CRUD\\public\\index.php')
CRITICAL - 2023-09-21 15:06:11 --> Updates are not allowed unless they contain a "where" or "like" clause.
in SYSTEMPATH\Model.php on line 380.
 1 SYSTEMPATH\BaseModel.php(949): CodeIgniter\Model->doUpdate(null, [...])
 2 SYSTEMPATH\Model.php(776): CodeIgniter\BaseModel->update(null, [...])
 3 APPPATH\Controllers\Home.php(45): CodeIgniter\Model->update(null, [...])
 4 SYSTEMPATH\CodeIgniter.php(919): App\Controllers\Home->update()
 5 SYSTEMPATH\CodeIgniter.php(494): CodeIgniter\CodeIgniter->runController(Object(App\Controllers\Home))
 6 SYSTEMPATH\CodeIgniter.php(353): CodeIgniter\CodeIgniter->handleRequest(null, Object(Config\Cache), false)
 7 FCPATH\index.php(79): CodeIgniter\CodeIgniter->run()
 8 SYSTEMPATH\Commands\Server\rewrite.php(47): require_once('D:\\laragon\\www\\CRUD\\public\\index.php')
CRITICAL - 2023-09-21 15:06:24 --> Undefined variable $name
in APPPATH\Controllers\Home.php on line 45.
 1 APPPATH\Controllers\Home.php(45): CodeIgniter\Debug\Exceptions->errorHandler(2, 'Undefined variable $name', 'D:\\laragon\\www\\CRUD\\app\\Controllers\\Home.php', 45)
 2 SYSTEMPATH\CodeIgniter.php(919): App\Controllers\Home->update()
 3 SYSTEMPATH\CodeIgniter.php(494): CodeIgniter\CodeIgniter->runController(Object(App\Controllers\Home))
 4 SYSTEMPATH\CodeIgniter.php(353): CodeIgniter\CodeIgniter->handleRequest(null, Object(Config\Cache), false)
 5 FCPATH\index.php(79): CodeIgniter\CodeIgniter->run()
 6 SYSTEMPATH\Commands\Server\rewrite.php(47): require_once('D:\\laragon\\www\\CRUD\\public\\index.php')
CRITICAL - 2023-09-21 16:02:24 --> syntax error, unexpected token "public", expecting end of file
in APPPATH\Controllers\Home.php on line 79.
 1 SYSTEMPATH\Autoloader\Autoloader.php(285): CodeIgniter\Autoloader\Autoloader->includeFile('D:\\laragon\\www\\CRUD\\app\\Controllers\\Home.php')
 2 SYSTEMPATH\Autoloader\Autoloader.php(263): CodeIgniter\Autoloader\Autoloader->loadInNamespace('App\\Controllers\\Home')
 3 [internal function]: CodeIgniter\Autoloader\Autoloader->loadClass('App\\Controllers\\Home')
 4 SYSTEMPATH\CodeIgniter.php(877): class_exists('\\App\\Controllers\\Home', true)
 5 SYSTEMPATH\CodeIgniter.php(481): CodeIgniter\CodeIgniter->startController()
 6 SYSTEMPATH\CodeIgniter.php(353): CodeIgniter\CodeIgniter->handleRequest(null, Object(Config\Cache), false)
 7 FCPATH\index.php(79): CodeIgniter\CodeIgniter->run()
 8 SYSTEMPATH\Commands\Server\rewrite.php(47): require_once('D:\\laragon\\www\\CRUD\\public\\index.php')
CRITICAL - 2023-09-21 16:13:09 --> Trying to access array offset on value of type null
in APPPATH\Views\edit.php on line 10.
 1 APPPATH\Views\edit.php(10): CodeIgniter\Debug\Exceptions->errorHandler(2, 'Trying to access array offset on value of type null', 'D:\\laragon\\www\\CRUD\\app\\Views\\edit.php', 10)
 2 SYSTEMPATH\View\View.php(226): include('D:\\laragon\\www\\CRUD\\app\\Views\\edit.php')
 3 SYSTEMPATH\View\View.php(229): CodeIgniter\View\View->CodeIgniter\View\{closure}()
 4 SYSTEMPATH\Common.php(1188): CodeIgniter\View\View->render('edit', [], true)
 5 APPPATH\Controllers\Home.php(83): view('edit', [...])
 6 SYSTEMPATH\CodeIgniter.php(919): App\Controllers\Home->edit('13')
 7 SYSTEMPATH\CodeIgniter.php(494): CodeIgniter\CodeIgniter->runController(Object(App\Controllers\Home))
 8 SYSTEMPATH\CodeIgniter.php(353): CodeIgniter\CodeIgniter->handleRequest(null, Object(Config\Cache), false)
 9 FCPATH\index.php(79): CodeIgniter\CodeIgniter->run()
10 SYSTEMPATH\Commands\Server\rewrite.php(47): require_once('D:\\laragon\\www\\CRUD\\public\\index.php')
CRITICAL - 2023-09-21 16:15:14 --> Trying to access array offset on value of type null
in APPPATH\Views\edit.php on line 11.
 1 APPPATH\Views\edit.php(11): CodeIgniter\Debug\Exceptions->errorHandler(2, 'Trying to access array offset on value of type null', 'D:\\laragon\\www\\CRUD\\app\\Views\\edit.php', 11)
 2 SYSTEMPATH\View\View.php(226): include('D:\\laragon\\www\\CRUD\\app\\Views\\edit.php')
 3 SYSTEMPATH\View\View.php(229): CodeIgniter\View\View->CodeIgniter\View\{closure}()
 4 SYSTEMPATH\Common.php(1188): CodeIgniter\View\View->render('edit', [], true)
 5 APPPATH\Controllers\Home.php(83): view('edit', [...])
 6 SYSTEMPATH\CodeIgniter.php(919): App\Controllers\Home->edit('14')
 7 SYSTEMPATH\CodeIgniter.php(494): CodeIgniter\CodeIgniter->runController(Object(App\Controllers\Home))
 8 SYSTEMPATH\CodeIgniter.php(353): CodeIgniter\CodeIgniter->handleRequest(null, Object(Config\Cache), false)
 9 FCPATH\index.php(79): CodeIgniter\CodeIgniter->run()
10 SYSTEMPATH\Commands\Server\rewrite.php(47): require_once('D:\\laragon\\www\\CRUD\\public\\index.php')
CRITICAL - 2023-09-21 16:17:38 --> Trying to access array offset on value of type null
in APPPATH\Views\edit.php on line 10.
 1 APPPATH\Views\edit.php(10): CodeIgniter\Debug\Exceptions->errorHandler(2, 'Trying to access array offset on value of type null', 'D:\\laragon\\www\\CRUD\\app\\Views\\edit.php', 10)
 2 SYSTEMPATH\View\View.php(226): include('D:\\laragon\\www\\CRUD\\app\\Views\\edit.php')
 3 SYSTEMPATH\View\View.php(229): CodeIgniter\View\View->CodeIgniter\View\{closure}()
 4 SYSTEMPATH\Common.php(1188): CodeIgniter\View\View->render('edit', [], true)
 5 APPPATH\Controllers\Home.php(83): view('edit', [...])
 6 SYSTEMPATH\CodeIgniter.php(919): App\Controllers\Home->edit('15')
 7 SYSTEMPATH\CodeIgniter.php(494): CodeIgniter\CodeIgniter->runController(Object(App\Controllers\Home))
 8 SYSTEMPATH\CodeIgniter.php(353): CodeIgniter\CodeIgniter->handleRequest(null, Object(Config\Cache), false)
 9 FCPATH\index.php(79): CodeIgniter\CodeIgniter->run()
10 SYSTEMPATH\Commands\Server\rewrite.php(47): require_once('D:\\laragon\\www\\CRUD\\public\\index.php')
CRITICAL - 2023-09-21 16:21:42 --> Trying to access array offset on value of type null
in APPPATH\Views\edit.php on line 29.
 1 APPPATH\Views\edit.php(29): CodeIgniter\Debug\Exceptions->errorHandler(2, 'Trying to access array offset on value of type null', 'D:\\laragon\\www\\CRUD\\app\\Views\\edit.php', 29)
 2 SYSTEMPATH\View\View.php(226): include('D:\\laragon\\www\\CRUD\\app\\Views\\edit.php')
 3 SYSTEMPATH\View\View.php(229): CodeIgniter\View\View->CodeIgniter\View\{closure}()
 4 SYSTEMPATH\Common.php(1188): CodeIgniter\View\View->render('edit', [], true)
 5 APPPATH\Controllers\Home.php(83): view('edit', [...])
 6 SYSTEMPATH\CodeIgniter.php(919): App\Controllers\Home->edit('16')
 7 SYSTEMPATH\CodeIgniter.php(494): CodeIgniter\CodeIgniter->runController(Object(App\Controllers\Home))
 8 SYSTEMPATH\CodeIgniter.php(353): CodeIgniter\CodeIgniter->handleRequest(null, Object(Config\Cache), false)
 9 FCPATH\index.php(79): CodeIgniter\CodeIgniter->run()
10 SYSTEMPATH\Commands\Server\rewrite.php(47): require_once('D:\\laragon\\www\\CRUD\\public\\index.php')
CRITICAL - 2023-09-21 16:45:25 --> Undefined variable $id
in APPPATH\Controllers\Home.php on line 101.
 1 APPPATH\Controllers\Home.php(101): CodeIgniter\Debug\Exceptions->errorHandler(2, 'Undefined variable $id', 'D:\\laragon\\www\\CRUD\\app\\Controllers\\Home.php', 101)
 2 SYSTEMPATH\CodeIgniter.php(919): App\Controllers\Home->update()
 3 SYSTEMPATH\CodeIgniter.php(494): CodeIgniter\CodeIgniter->runController(Object(App\Controllers\Home))
 4 SYSTEMPATH\CodeIgniter.php(353): CodeIgniter\CodeIgniter->handleRequest(null, Object(Config\Cache), false)
 5 FCPATH\index.php(79): CodeIgniter\CodeIgniter->run()
 6 SYSTEMPATH\Commands\Server\rewrite.php(47): require_once('D:\\laragon\\www\\CRUD\\public\\index.php')
