CRITICAL - 2023-09-16 07:58:50 --> Invalid file: "pogi.php"
in SYSTEMPATH\Exceptions\FrameworkException.php on line 39.
 1 SYSTEMPATH\View\View.php(214): CodeIgniter\Exceptions\FrameworkException::forInvalidFile('pogi.php')
 2 SYSTEMPATH\Common.php(1188): CodeIgniter\View\View->render('pogi', [], true)
 3 APPPATH\Controllers\Home.php(17): view('pogi')
 4 SYSTEMPATH\CodeIgniter.php(919): App\Controllers\Home->hp('products')
 5 SYSTEMPATH\CodeIgniter.php(494): CodeIgniter\CodeIgniter->runController(Object(App\Controllers\Home))
 6 SYSTEMPATH\CodeIgniter.php(353): CodeIgniter\CodeIgniter->handleRequest(null, Object(Config\Cache), false)
 7 FCPATH\index.php(79): CodeIgniter\CodeIgniter->run()
 8 SYSTEMPATH\Commands\Server\rewrite.php(47): require_once('D:\\laragon\\www\\CRUD\\public\\index.php')
CRITICAL - 2023-09-16 09:03:22 --> Class "App\Models\Models" not found
in APPPATH\Models\ProductModel.php on line 9.
 1 SYSTEMPATH\Autoloader\Autoloader.php(306): include_once()
 2 SYSTEMPATH\Autoloader\Autoloader.php(285): CodeIgniter\Autoloader\Autoloader->includeFile('D:\\laragon\\www\\CRUD\\app\\Models\\ProductModel.php')
 3 SYSTEMPATH\Autoloader\Autoloader.php(263): CodeIgniter\Autoloader\Autoloader->loadInNamespace('App\\Models\\ProductModel')
 4 APPPATH\Controllers\Home.php(23): CodeIgniter\Autoloader\Autoloader->loadClass('App\\Models\\ProductModel')
 5 SYSTEMPATH\CodeIgniter.php(919): App\Controllers\Home->list()
 6 SYSTEMPATH\CodeIgniter.php(494): CodeIgniter\CodeIgniter->runController(Object(App\Controllers\Home))
 7 SYSTEMPATH\CodeIgniter.php(353): CodeIgniter\CodeIgniter->handleRequest(null, Object(Config\Cache), false)
 8 FCPATH\index.php(79): CodeIgniter\CodeIgniter->run()
 9 SYSTEMPATH\Commands\Server\rewrite.php(47): require_once('D:\\laragon\\www\\CRUD\\public\\index.php')
CRITICAL - 2023-09-16 09:20:42 --> Class "App\Models\Models" not found
in APPPATH\Models\ProductModel.php on line 9.
 1 SYSTEMPATH\Autoloader\Autoloader.php(306): include_once()
 2 SYSTEMPATH\Autoloader\Autoloader.php(285): CodeIgniter\Autoloader\Autoloader->includeFile('D:\\laragon\\www\\CRUD\\app\\Models\\ProductModel.php')
 3 SYSTEMPATH\Autoloader\Autoloader.php(263): CodeIgniter\Autoloader\Autoloader->loadInNamespace('App\\Models\\ProductModel')
 4 APPPATH\Controllers\Home.php(23): CodeIgniter\Autoloader\Autoloader->loadClass('App\\Models\\ProductModel')
 5 SYSTEMPATH\CodeIgniter.php(919): App\Controllers\Home->list()
 6 SYSTEMPATH\CodeIgniter.php(494): CodeIgniter\CodeIgniter->runController(Object(App\Controllers\Home))
 7 SYSTEMPATH\CodeIgniter.php(353): CodeIgniter\CodeIgniter->handleRequest(null, Object(Config\Cache), false)
 8 FCPATH\index.php(79): CodeIgniter\CodeIgniter->run()
 9 SYSTEMPATH\Commands\Server\rewrite.php(47): require_once('D:\\laragon\\www\\CRUD\\public\\index.php')
ERROR - 2023-09-16 09:21:38 --> mysqli_sql_exception: Table 'product_listing.products' doesn't exist in D:\laragon\www\CRUD\system\Database\MySQLi\Connection.php:306
Stack trace:
#0 D:\laragon\www\CRUD\system\Database\MySQLi\Connection.php(306): mysqli->query('SELECT *\nFROM `...', 0)
#1 D:\laragon\www\CRUD\system\Database\BaseConnection.php(692): CodeIgniter\Database\MySQLi\Connection->execute('SELECT *\nFROM `...')
#2 D:\laragon\www\CRUD\system\Database\BaseConnection.php(606): CodeIgniter\Database\BaseConnection->simpleQuery('SELECT *\nFROM `...')
#3 D:\laragon\www\CRUD\system\Database\BaseBuilder.php(1615): CodeIgniter\Database\BaseConnection->query('SELECT *\nFROM `...', Array, false)
#4 D:\laragon\www\CRUD\system\Model.php(237): CodeIgniter\Database\BaseBuilder->get()
#5 D:\laragon\www\CRUD\system\BaseModel.php(624): CodeIgniter\Model->doFindAll(0, 0)
#6 D:\laragon\www\CRUD\app\Controllers\Home.php(24): CodeIgniter\BaseModel->findAll()
#7 D:\laragon\www\CRUD\system\CodeIgniter.php(919): App\Controllers\Home->list()
#8 D:\laragon\www\CRUD\system\CodeIgniter.php(494): CodeIgniter\CodeIgniter->runController(Object(App\Controllers\Home))
#9 D:\laragon\www\CRUD\system\CodeIgniter.php(353): CodeIgniter\CodeIgniter->handleRequest(NULL, Object(Config\Cache), false)
#10 D:\laragon\www\CRUD\public\index.php(79): CodeIgniter\CodeIgniter->run()
#11 D:\laragon\www\CRUD\system\Commands\Server\rewrite.php(47): require_once('D:\\laragon\\www\\...')
#12 {main}
CRITICAL - 2023-09-16 09:21:38 --> Table 'product_listing.products' doesn't exist
in SYSTEMPATH\Database\BaseConnection.php on line 646.
 1 SYSTEMPATH\Database\BaseBuilder.php(1615): CodeIgniter\Database\BaseConnection->query('SELECT *
FROM `products`', [], false)
 2 SYSTEMPATH\Model.php(237): CodeIgniter\Database\BaseBuilder->get()
 3 SYSTEMPATH\BaseModel.php(624): CodeIgniter\Model->doFindAll(0, 0)
 4 APPPATH\Controllers\Home.php(24): CodeIgniter\BaseModel->findAll()
 5 SYSTEMPATH\CodeIgniter.php(919): App\Controllers\Home->list()
 6 SYSTEMPATH\CodeIgniter.php(494): CodeIgniter\CodeIgniter->runController(Object(App\Controllers\Home))
 7 SYSTEMPATH\CodeIgniter.php(353): CodeIgniter\CodeIgniter->handleRequest(null, Object(Config\Cache), false)
 8 FCPATH\index.php(79): CodeIgniter\CodeIgniter->run()
 9 SYSTEMPATH\Commands\Server\rewrite.php(47): require_once('D:\\laragon\\www\\CRUD\\public\\index.php')
ERROR - 2023-09-16 09:21:39 --> mysqli_sql_exception: Table 'product_listing.products' doesn't exist in D:\laragon\www\CRUD\system\Database\MySQLi\Connection.php:306
Stack trace:
#0 D:\laragon\www\CRUD\system\Database\MySQLi\Connection.php(306): mysqli->query('SELECT *\nFROM `...', 0)
#1 D:\laragon\www\CRUD\system\Database\BaseConnection.php(692): CodeIgniter\Database\MySQLi\Connection->execute('SELECT *\nFROM `...')
#2 D:\laragon\www\CRUD\system\Database\BaseConnection.php(606): CodeIgniter\Database\BaseConnection->simpleQuery('SELECT *\nFROM `...')
#3 D:\laragon\www\CRUD\system\Database\BaseBuilder.php(1615): CodeIgniter\Database\BaseConnection->query('SELECT *\nFROM `...', Array, false)
#4 D:\laragon\www\CRUD\system\Model.php(237): CodeIgniter\Database\BaseBuilder->get()
#5 D:\laragon\www\CRUD\system\BaseModel.php(624): CodeIgniter\Model->doFindAll(0, 0)
#6 D:\laragon\www\CRUD\app\Controllers\Home.php(24): CodeIgniter\BaseModel->findAll()
#7 D:\laragon\www\CRUD\system\CodeIgniter.php(919): App\Controllers\Home->list()
#8 D:\laragon\www\CRUD\system\CodeIgniter.php(494): CodeIgniter\CodeIgniter->runController(Object(App\Controllers\Home))
#9 D:\laragon\www\CRUD\system\CodeIgniter.php(353): CodeIgniter\CodeIgniter->handleRequest(NULL, Object(Config\Cache), false)
#10 D:\laragon\www\CRUD\public\index.php(79): CodeIgniter\CodeIgniter->run()
#11 D:\laragon\www\CRUD\system\Commands\Server\rewrite.php(47): require_once('D:\\laragon\\www\\...')
#12 {main}
CRITICAL - 2023-09-16 09:21:39 --> Table 'product_listing.products' doesn't exist
in SYSTEMPATH\Database\BaseConnection.php on line 646.
 1 SYSTEMPATH\Database\BaseBuilder.php(1615): CodeIgniter\Database\BaseConnection->query('SELECT *
FROM `products`', [], false)
 2 SYSTEMPATH\Model.php(237): CodeIgniter\Database\BaseBuilder->get()
 3 SYSTEMPATH\BaseModel.php(624): CodeIgniter\Model->doFindAll(0, 0)
 4 APPPATH\Controllers\Home.php(24): CodeIgniter\BaseModel->findAll()
 5 SYSTEMPATH\CodeIgniter.php(919): App\Controllers\Home->list()
 6 SYSTEMPATH\CodeIgniter.php(494): CodeIgniter\CodeIgniter->runController(Object(App\Controllers\Home))
 7 SYSTEMPATH\CodeIgniter.php(353): CodeIgniter\CodeIgniter->handleRequest(null, Object(Config\Cache), false)
 8 FCPATH\index.php(79): CodeIgniter\CodeIgniter->run()
 9 SYSTEMPATH\Commands\Server\rewrite.php(47): require_once('D:\\laragon\\www\\CRUD\\public\\index.php')
ERROR - 2023-09-16 09:21:40 --> mysqli_sql_exception: Table 'product_listing.products' doesn't exist in D:\laragon\www\CRUD\system\Database\MySQLi\Connection.php:306
Stack trace:
#0 D:\laragon\www\CRUD\system\Database\MySQLi\Connection.php(306): mysqli->query('SELECT *\nFROM `...', 0)
#1 D:\laragon\www\CRUD\system\Database\BaseConnection.php(692): CodeIgniter\Database\MySQLi\Connection->execute('SELECT *\nFROM `...')
#2 D:\laragon\www\CRUD\system\Database\BaseConnection.php(606): CodeIgniter\Database\BaseConnection->simpleQuery('SELECT *\nFROM `...')
#3 D:\laragon\www\CRUD\system\Database\BaseBuilder.php(1615): CodeIgniter\Database\BaseConnection->query('SELECT *\nFROM `...', Array, false)
#4 D:\laragon\www\CRUD\system\Model.php(237): CodeIgniter\Database\BaseBuilder->get()
#5 D:\laragon\www\CRUD\system\BaseModel.php(624): CodeIgniter\Model->doFindAll(0, 0)
#6 D:\laragon\www\CRUD\app\Controllers\Home.php(24): CodeIgniter\BaseModel->findAll()
#7 D:\laragon\www\CRUD\system\CodeIgniter.php(919): App\Controllers\Home->list()
#8 D:\laragon\www\CRUD\system\CodeIgniter.php(494): CodeIgniter\CodeIgniter->runController(Object(App\Controllers\Home))
#9 D:\laragon\www\CRUD\system\CodeIgniter.php(353): CodeIgniter\CodeIgniter->handleRequest(NULL, Object(Config\Cache), false)
#10 D:\laragon\www\CRUD\public\index.php(79): CodeIgniter\CodeIgniter->run()
#11 D:\laragon\www\CRUD\system\Commands\Server\rewrite.php(47): require_once('D:\\laragon\\www\\...')
#12 {main}
CRITICAL - 2023-09-16 09:21:40 --> Table 'product_listing.products' doesn't exist
in SYSTEMPATH\Database\BaseConnection.php on line 646.
 1 SYSTEMPATH\Database\BaseBuilder.php(1615): CodeIgniter\Database\BaseConnection->query('SELECT *
FROM `products`', [], false)
 2 SYSTEMPATH\Model.php(237): CodeIgniter\Database\BaseBuilder->get()
 3 SYSTEMPATH\BaseModel.php(624): CodeIgniter\Model->doFindAll(0, 0)
 4 APPPATH\Controllers\Home.php(24): CodeIgniter\BaseModel->findAll()
 5 SYSTEMPATH\CodeIgniter.php(919): App\Controllers\Home->list()
 6 SYSTEMPATH\CodeIgniter.php(494): CodeIgniter\CodeIgniter->runController(Object(App\Controllers\Home))
 7 SYSTEMPATH\CodeIgniter.php(353): CodeIgniter\CodeIgniter->handleRequest(null, Object(Config\Cache), false)
 8 FCPATH\index.php(79): CodeIgniter\CodeIgniter->run()
 9 SYSTEMPATH\Commands\Server\rewrite.php(47): require_once('D:\\laragon\\www\\CRUD\\public\\index.php')
ERROR - 2023-09-16 09:21:40 --> mysqli_sql_exception: Table 'product_listing.products' doesn't exist in D:\laragon\www\CRUD\system\Database\MySQLi\Connection.php:306
Stack trace:
#0 D:\laragon\www\CRUD\system\Database\MySQLi\Connection.php(306): mysqli->query('SELECT *\nFROM `...', 0)
#1 D:\laragon\www\CRUD\system\Database\BaseConnection.php(692): CodeIgniter\Database\MySQLi\Connection->execute('SELECT *\nFROM `...')
#2 D:\laragon\www\CRUD\system\Database\BaseConnection.php(606): CodeIgniter\Database\BaseConnection->simpleQuery('SELECT *\nFROM `...')
#3 D:\laragon\www\CRUD\system\Database\BaseBuilder.php(1615): CodeIgniter\Database\BaseConnection->query('SELECT *\nFROM `...', Array, false)
#4 D:\laragon\www\CRUD\system\Model.php(237): CodeIgniter\Database\BaseBuilder->get()
#5 D:\laragon\www\CRUD\system\BaseModel.php(624): CodeIgniter\Model->doFindAll(0, 0)
#6 D:\laragon\www\CRUD\app\Controllers\Home.php(24): CodeIgniter\BaseModel->findAll()
#7 D:\laragon\www\CRUD\system\CodeIgniter.php(919): App\Controllers\Home->list()
#8 D:\laragon\www\CRUD\system\CodeIgniter.php(494): CodeIgniter\CodeIgniter->runController(Object(App\Controllers\Home))
#9 D:\laragon\www\CRUD\system\CodeIgniter.php(353): CodeIgniter\CodeIgniter->handleRequest(NULL, Object(Config\Cache), false)
#10 D:\laragon\www\CRUD\public\index.php(79): CodeIgniter\CodeIgniter->run()
#11 D:\laragon\www\CRUD\system\Commands\Server\rewrite.php(47): require_once('D:\\laragon\\www\\...')
#12 {main}
CRITICAL - 2023-09-16 09:21:40 --> Table 'product_listing.products' doesn't exist
in SYSTEMPATH\Database\BaseConnection.php on line 646.
 1 SYSTEMPATH\Database\BaseBuilder.php(1615): CodeIgniter\Database\BaseConnection->query('SELECT *
FROM `products`', [], false)
 2 SYSTEMPATH\Model.php(237): CodeIgniter\Database\BaseBuilder->get()
 3 SYSTEMPATH\BaseModel.php(624): CodeIgniter\Model->doFindAll(0, 0)
 4 APPPATH\Controllers\Home.php(24): CodeIgniter\BaseModel->findAll()
 5 SYSTEMPATH\CodeIgniter.php(919): App\Controllers\Home->list()
 6 SYSTEMPATH\CodeIgniter.php(494): CodeIgniter\CodeIgniter->runController(Object(App\Controllers\Home))
 7 SYSTEMPATH\CodeIgniter.php(353): CodeIgniter\CodeIgniter->handleRequest(null, Object(Config\Cache), false)
 8 FCPATH\index.php(79): CodeIgniter\CodeIgniter->run()
 9 SYSTEMPATH\Commands\Server\rewrite.php(47): require_once('D:\\laragon\\www\\CRUD\\public\\index.php')
ERROR - 2023-09-16 09:21:40 --> mysqli_sql_exception: Table 'product_listing.products' doesn't exist in D:\laragon\www\CRUD\system\Database\MySQLi\Connection.php:306
Stack trace:
#0 D:\laragon\www\CRUD\system\Database\MySQLi\Connection.php(306): mysqli->query('SELECT *\nFROM `...', 0)
#1 D:\laragon\www\CRUD\system\Database\BaseConnection.php(692): CodeIgniter\Database\MySQLi\Connection->execute('SELECT *\nFROM `...')
#2 D:\laragon\www\CRUD\system\Database\BaseConnection.php(606): CodeIgniter\Database\BaseConnection->simpleQuery('SELECT *\nFROM `...')
#3 D:\laragon\www\CRUD\system\Database\BaseBuilder.php(1615): CodeIgniter\Database\BaseConnection->query('SELECT *\nFROM `...', Array, false)
#4 D:\laragon\www\CRUD\system\Model.php(237): CodeIgniter\Database\BaseBuilder->get()
#5 D:\laragon\www\CRUD\system\BaseModel.php(624): CodeIgniter\Model->doFindAll(0, 0)
#6 D:\laragon\www\CRUD\app\Controllers\Home.php(24): CodeIgniter\BaseModel->findAll()
#7 D:\laragon\www\CRUD\system\CodeIgniter.php(919): App\Controllers\Home->list()
#8 D:\laragon\www\CRUD\system\CodeIgniter.php(494): CodeIgniter\CodeIgniter->runController(Object(App\Controllers\Home))
#9 D:\laragon\www\CRUD\system\CodeIgniter.php(353): CodeIgniter\CodeIgniter->handleRequest(NULL, Object(Config\Cache), false)
#10 D:\laragon\www\CRUD\public\index.php(79): CodeIgniter\CodeIgniter->run()
#11 D:\laragon\www\CRUD\system\Commands\Server\rewrite.php(47): require_once('D:\\laragon\\www\\...')
#12 {main}
CRITICAL - 2023-09-16 09:21:40 --> Table 'product_listing.products' doesn't exist
in SYSTEMPATH\Database\BaseConnection.php on line 646.
 1 SYSTEMPATH\Database\BaseBuilder.php(1615): CodeIgniter\Database\BaseConnection->query('SELECT *
FROM `products`', [], false)
 2 SYSTEMPATH\Model.php(237): CodeIgniter\Database\BaseBuilder->get()
 3 SYSTEMPATH\BaseModel.php(624): CodeIgniter\Model->doFindAll(0, 0)
 4 APPPATH\Controllers\Home.php(24): CodeIgniter\BaseModel->findAll()
 5 SYSTEMPATH\CodeIgniter.php(919): App\Controllers\Home->list()
 6 SYSTEMPATH\CodeIgniter.php(494): CodeIgniter\CodeIgniter->runController(Object(App\Controllers\Home))
 7 SYSTEMPATH\CodeIgniter.php(353): CodeIgniter\CodeIgniter->handleRequest(null, Object(Config\Cache), false)
 8 FCPATH\index.php(79): CodeIgniter\CodeIgniter->run()
 9 SYSTEMPATH\Commands\Server\rewrite.php(47): require_once('D:\\laragon\\www\\CRUD\\public\\index.php')
ERROR - 2023-09-16 09:22:15 --> mysqli_sql_exception: Table 'product_listing.products' doesn't exist in D:\laragon\www\CRUD\system\Database\MySQLi\Connection.php:306
Stack trace:
#0 D:\laragon\www\CRUD\system\Database\MySQLi\Connection.php(306): mysqli->query('SELECT *\nFROM `...', 0)
#1 D:\laragon\www\CRUD\system\Database\BaseConnection.php(692): CodeIgniter\Database\MySQLi\Connection->execute('SELECT *\nFROM `...')
#2 D:\laragon\www\CRUD\system\Database\BaseConnection.php(606): CodeIgniter\Database\BaseConnection->simpleQuery('SELECT *\nFROM `...')
#3 D:\laragon\www\CRUD\system\Database\BaseBuilder.php(1615): CodeIgniter\Database\BaseConnection->query('SELECT *\nFROM `...', Array, false)
#4 D:\laragon\www\CRUD\system\Model.php(237): CodeIgniter\Database\BaseBuilder->get()
#5 D:\laragon\www\CRUD\system\BaseModel.php(624): CodeIgniter\Model->doFindAll(0, 0)
#6 D:\laragon\www\CRUD\app\Controllers\Home.php(24): CodeIgniter\BaseModel->findAll()
#7 D:\laragon\www\CRUD\system\CodeIgniter.php(919): App\Controllers\Home->list()
#8 D:\laragon\www\CRUD\system\CodeIgniter.php(494): CodeIgniter\CodeIgniter->runController(Object(App\Controllers\Home))
#9 D:\laragon\www\CRUD\system\CodeIgniter.php(353): CodeIgniter\CodeIgniter->handleRequest(NULL, Object(Config\Cache), false)
#10 D:\laragon\www\CRUD\public\index.php(79): CodeIgniter\CodeIgniter->run()
#11 D:\laragon\www\CRUD\system\Commands\Server\rewrite.php(47): require_once('D:\\laragon\\www\\...')
#12 {main}
CRITICAL - 2023-09-16 09:22:15 --> Table 'product_listing.products' doesn't exist
in SYSTEMPATH\Database\BaseConnection.php on line 646.
 1 SYSTEMPATH\Database\BaseBuilder.php(1615): CodeIgniter\Database\BaseConnection->query('SELECT *
FROM `products`', [], false)
 2 SYSTEMPATH\Model.php(237): CodeIgniter\Database\BaseBuilder->get()
 3 SYSTEMPATH\BaseModel.php(624): CodeIgniter\Model->doFindAll(0, 0)
 4 APPPATH\Controllers\Home.php(24): CodeIgniter\BaseModel->findAll()
 5 SYSTEMPATH\CodeIgniter.php(919): App\Controllers\Home->list()
 6 SYSTEMPATH\CodeIgniter.php(494): CodeIgniter\CodeIgniter->runController(Object(App\Controllers\Home))
 7 SYSTEMPATH\CodeIgniter.php(353): CodeIgniter\CodeIgniter->handleRequest(null, Object(Config\Cache), false)
 8 FCPATH\index.php(79): CodeIgniter\CodeIgniter->run()
 9 SYSTEMPATH\Commands\Server\rewrite.php(47): require_once('D:\\laragon\\www\\CRUD\\public\\index.php')
ERROR - 2023-09-16 09:22:16 --> mysqli_sql_exception: Table 'product_listing.products' doesn't exist in D:\laragon\www\CRUD\system\Database\MySQLi\Connection.php:306
Stack trace:
#0 D:\laragon\www\CRUD\system\Database\MySQLi\Connection.php(306): mysqli->query('SELECT *\nFROM `...', 0)
#1 D:\laragon\www\CRUD\system\Database\BaseConnection.php(692): CodeIgniter\Database\MySQLi\Connection->execute('SELECT *\nFROM `...')
#2 D:\laragon\www\CRUD\system\Database\BaseConnection.php(606): CodeIgniter\Database\BaseConnection->simpleQuery('SELECT *\nFROM `...')
#3 D:\laragon\www\CRUD\system\Database\BaseBuilder.php(1615): CodeIgniter\Database\BaseConnection->query('SELECT *\nFROM `...', Array, false)
#4 D:\laragon\www\CRUD\system\Model.php(237): CodeIgniter\Database\BaseBuilder->get()
#5 D:\laragon\www\CRUD\system\BaseModel.php(624): CodeIgniter\Model->doFindAll(0, 0)
#6 D:\laragon\www\CRUD\app\Controllers\Home.php(24): CodeIgniter\BaseModel->findAll()
#7 D:\laragon\www\CRUD\system\CodeIgniter.php(919): App\Controllers\Home->list()
#8 D:\laragon\www\CRUD\system\CodeIgniter.php(494): CodeIgniter\CodeIgniter->runController(Object(App\Controllers\Home))
#9 D:\laragon\www\CRUD\system\CodeIgniter.php(353): CodeIgniter\CodeIgniter->handleRequest(NULL, Object(Config\Cache), false)
#10 D:\laragon\www\CRUD\public\index.php(79): CodeIgniter\CodeIgniter->run()
#11 D:\laragon\www\CRUD\system\Commands\Server\rewrite.php(47): require_once('D:\\laragon\\www\\...')
#12 {main}
CRITICAL - 2023-09-16 09:22:16 --> Table 'product_listing.products' doesn't exist
in SYSTEMPATH\Database\BaseConnection.php on line 646.
 1 SYSTEMPATH\Database\BaseBuilder.php(1615): CodeIgniter\Database\BaseConnection->query('SELECT *
FROM `products`', [], false)
 2 SYSTEMPATH\Model.php(237): CodeIgniter\Database\BaseBuilder->get()
 3 SYSTEMPATH\BaseModel.php(624): CodeIgniter\Model->doFindAll(0, 0)
 4 APPPATH\Controllers\Home.php(24): CodeIgniter\BaseModel->findAll()
 5 SYSTEMPATH\CodeIgniter.php(919): App\Controllers\Home->list()
 6 SYSTEMPATH\CodeIgniter.php(494): CodeIgniter\CodeIgniter->runController(Object(App\Controllers\Home))
 7 SYSTEMPATH\CodeIgniter.php(353): CodeIgniter\CodeIgniter->handleRequest(null, Object(Config\Cache), false)
 8 FCPATH\index.php(79): CodeIgniter\CodeIgniter->run()
 9 SYSTEMPATH\Commands\Server\rewrite.php(47): require_once('D:\\laragon\\www\\CRUD\\public\\index.php')
ERROR - 2023-09-16 09:22:16 --> mysqli_sql_exception: Table 'product_listing.products' doesn't exist in D:\laragon\www\CRUD\system\Database\MySQLi\Connection.php:306
Stack trace:
#0 D:\laragon\www\CRUD\system\Database\MySQLi\Connection.php(306): mysqli->query('SELECT *\nFROM `...', 0)
#1 D:\laragon\www\CRUD\system\Database\BaseConnection.php(692): CodeIgniter\Database\MySQLi\Connection->execute('SELECT *\nFROM `...')
#2 D:\laragon\www\CRUD\system\Database\BaseConnection.php(606): CodeIgniter\Database\BaseConnection->simpleQuery('SELECT *\nFROM `...')
#3 D:\laragon\www\CRUD\system\Database\BaseBuilder.php(1615): CodeIgniter\Database\BaseConnection->query('SELECT *\nFROM `...', Array, false)
#4 D:\laragon\www\CRUD\system\Model.php(237): CodeIgniter\Database\BaseBuilder->get()
#5 D:\laragon\www\CRUD\system\BaseModel.php(624): CodeIgniter\Model->doFindAll(0, 0)
#6 D:\laragon\www\CRUD\app\Controllers\Home.php(24): CodeIgniter\BaseModel->findAll()
#7 D:\laragon\www\CRUD\system\CodeIgniter.php(919): App\Controllers\Home->list()
#8 D:\laragon\www\CRUD\system\CodeIgniter.php(494): CodeIgniter\CodeIgniter->runController(Object(App\Controllers\Home))
#9 D:\laragon\www\CRUD\system\CodeIgniter.php(353): CodeIgniter\CodeIgniter->handleRequest(NULL, Object(Config\Cache), false)
#10 D:\laragon\www\CRUD\public\index.php(79): CodeIgniter\CodeIgniter->run()
#11 D:\laragon\www\CRUD\system\Commands\Server\rewrite.php(47): require_once('D:\\laragon\\www\\...')
#12 {main}
CRITICAL - 2023-09-16 09:22:16 --> Table 'product_listing.products' doesn't exist
in SYSTEMPATH\Database\BaseConnection.php on line 646.
 1 SYSTEMPATH\Database\BaseBuilder.php(1615): CodeIgniter\Database\BaseConnection->query('SELECT *
FROM `products`', [], false)
 2 SYSTEMPATH\Model.php(237): CodeIgniter\Database\BaseBuilder->get()
 3 SYSTEMPATH\BaseModel.php(624): CodeIgniter\Model->doFindAll(0, 0)
 4 APPPATH\Controllers\Home.php(24): CodeIgniter\BaseModel->findAll()
 5 SYSTEMPATH\CodeIgniter.php(919): App\Controllers\Home->list()
 6 SYSTEMPATH\CodeIgniter.php(494): CodeIgniter\CodeIgniter->runController(Object(App\Controllers\Home))
 7 SYSTEMPATH\CodeIgniter.php(353): CodeIgniter\CodeIgniter->handleRequest(null, Object(Config\Cache), false)
 8 FCPATH\index.php(79): CodeIgniter\CodeIgniter->run()
 9 SYSTEMPATH\Commands\Server\rewrite.php(47): require_once('D:\\laragon\\www\\CRUD\\public\\index.php')
ERROR - 2023-09-16 09:22:16 --> mysqli_sql_exception: Table 'product_listing.products' doesn't exist in D:\laragon\www\CRUD\system\Database\MySQLi\Connection.php:306
Stack trace:
#0 D:\laragon\www\CRUD\system\Database\MySQLi\Connection.php(306): mysqli->query('SELECT *\nFROM `...', 0)
#1 D:\laragon\www\CRUD\system\Database\BaseConnection.php(692): CodeIgniter\Database\MySQLi\Connection->execute('SELECT *\nFROM `...')
#2 D:\laragon\www\CRUD\system\Database\BaseConnection.php(606): CodeIgniter\Database\BaseConnection->simpleQuery('SELECT *\nFROM `...')
#3 D:\laragon\www\CRUD\system\Database\BaseBuilder.php(1615): CodeIgniter\Database\BaseConnection->query('SELECT *\nFROM `...', Array, false)
#4 D:\laragon\www\CRUD\system\Model.php(237): CodeIgniter\Database\BaseBuilder->get()
#5 D:\laragon\www\CRUD\system\BaseModel.php(624): CodeIgniter\Model->doFindAll(0, 0)
#6 D:\laragon\www\CRUD\app\Controllers\Home.php(24): CodeIgniter\BaseModel->findAll()
#7 D:\laragon\www\CRUD\system\CodeIgniter.php(919): App\Controllers\Home->list()
#8 D:\laragon\www\CRUD\system\CodeIgniter.php(494): CodeIgniter\CodeIgniter->runController(Object(App\Controllers\Home))
#9 D:\laragon\www\CRUD\system\CodeIgniter.php(353): CodeIgniter\CodeIgniter->handleRequest(NULL, Object(Config\Cache), false)
#10 D:\laragon\www\CRUD\public\index.php(79): CodeIgniter\CodeIgniter->run()
#11 D:\laragon\www\CRUD\system\Commands\Server\rewrite.php(47): require_once('D:\\laragon\\www\\...')
#12 {main}
CRITICAL - 2023-09-16 09:22:16 --> Table 'product_listing.products' doesn't exist
in SYSTEMPATH\Database\BaseConnection.php on line 646.
 1 SYSTEMPATH\Database\BaseBuilder.php(1615): CodeIgniter\Database\BaseConnection->query('SELECT *
FROM `products`', [], false)
 2 SYSTEMPATH\Model.php(237): CodeIgniter\Database\BaseBuilder->get()
 3 SYSTEMPATH\BaseModel.php(624): CodeIgniter\Model->doFindAll(0, 0)
 4 APPPATH\Controllers\Home.php(24): CodeIgniter\BaseModel->findAll()
 5 SYSTEMPATH\CodeIgniter.php(919): App\Controllers\Home->list()
 6 SYSTEMPATH\CodeIgniter.php(494): CodeIgniter\CodeIgniter->runController(Object(App\Controllers\Home))
 7 SYSTEMPATH\CodeIgniter.php(353): CodeIgniter\CodeIgniter->handleRequest(null, Object(Config\Cache), false)
 8 FCPATH\index.php(79): CodeIgniter\CodeIgniter->run()
 9 SYSTEMPATH\Commands\Server\rewrite.php(47): require_once('D:\\laragon\\www\\CRUD\\public\\index.php')
ERROR - 2023-09-16 09:22:16 --> mysqli_sql_exception: Table 'product_listing.products' doesn't exist in D:\laragon\www\CRUD\system\Database\MySQLi\Connection.php:306
Stack trace:
#0 D:\laragon\www\CRUD\system\Database\MySQLi\Connection.php(306): mysqli->query('SELECT *\nFROM `...', 0)
#1 D:\laragon\www\CRUD\system\Database\BaseConnection.php(692): CodeIgniter\Database\MySQLi\Connection->execute('SELECT *\nFROM `...')
#2 D:\laragon\www\CRUD\system\Database\BaseConnection.php(606): CodeIgniter\Database\BaseConnection->simpleQuery('SELECT *\nFROM `...')
#3 D:\laragon\www\CRUD\system\Database\BaseBuilder.php(1615): CodeIgniter\Database\BaseConnection->query('SELECT *\nFROM `...', Array, false)
#4 D:\laragon\www\CRUD\system\Model.php(237): CodeIgniter\Database\BaseBuilder->get()
#5 D:\laragon\www\CRUD\system\BaseModel.php(624): CodeIgniter\Model->doFindAll(0, 0)
#6 D:\laragon\www\CRUD\app\Controllers\Home.php(24): CodeIgniter\BaseModel->findAll()
#7 D:\laragon\www\CRUD\system\CodeIgniter.php(919): App\Controllers\Home->list()
#8 D:\laragon\www\CRUD\system\CodeIgniter.php(494): CodeIgniter\CodeIgniter->runController(Object(App\Controllers\Home))
#9 D:\laragon\www\CRUD\system\CodeIgniter.php(353): CodeIgniter\CodeIgniter->handleRequest(NULL, Object(Config\Cache), false)
#10 D:\laragon\www\CRUD\public\index.php(79): CodeIgniter\CodeIgniter->run()
#11 D:\laragon\www\CRUD\system\Commands\Server\rewrite.php(47): require_once('D:\\laragon\\www\\...')
#12 {main}
CRITICAL - 2023-09-16 09:22:16 --> Table 'product_listing.products' doesn't exist
in SYSTEMPATH\Database\BaseConnection.php on line 646.
 1 SYSTEMPATH\Database\BaseBuilder.php(1615): CodeIgniter\Database\BaseConnection->query('SELECT *
FROM `products`', [], false)
 2 SYSTEMPATH\Model.php(237): CodeIgniter\Database\BaseBuilder->get()
 3 SYSTEMPATH\BaseModel.php(624): CodeIgniter\Model->doFindAll(0, 0)
 4 APPPATH\Controllers\Home.php(24): CodeIgniter\BaseModel->findAll()
 5 SYSTEMPATH\CodeIgniter.php(919): App\Controllers\Home->list()
 6 SYSTEMPATH\CodeIgniter.php(494): CodeIgniter\CodeIgniter->runController(Object(App\Controllers\Home))
 7 SYSTEMPATH\CodeIgniter.php(353): CodeIgniter\CodeIgniter->handleRequest(null, Object(Config\Cache), false)
 8 FCPATH\index.php(79): CodeIgniter\CodeIgniter->run()
 9 SYSTEMPATH\Commands\Server\rewrite.php(47): require_once('D:\\laragon\\www\\CRUD\\public\\index.php')
ERROR - 2023-09-16 09:22:16 --> mysqli_sql_exception: Table 'product_listing.products' doesn't exist in D:\laragon\www\CRUD\system\Database\MySQLi\Connection.php:306
Stack trace:
#0 D:\laragon\www\CRUD\system\Database\MySQLi\Connection.php(306): mysqli->query('SELECT *\nFROM `...', 0)
#1 D:\laragon\www\CRUD\system\Database\BaseConnection.php(692): CodeIgniter\Database\MySQLi\Connection->execute('SELECT *\nFROM `...')
#2 D:\laragon\www\CRUD\system\Database\BaseConnection.php(606): CodeIgniter\Database\BaseConnection->simpleQuery('SELECT *\nFROM `...')
#3 D:\laragon\www\CRUD\system\Database\BaseBuilder.php(1615): CodeIgniter\Database\BaseConnection->query('SELECT *\nFROM `...', Array, false)
#4 D:\laragon\www\CRUD\system\Model.php(237): CodeIgniter\Database\BaseBuilder->get()
#5 D:\laragon\www\CRUD\system\BaseModel.php(624): CodeIgniter\Model->doFindAll(0, 0)
#6 D:\laragon\www\CRUD\app\Controllers\Home.php(24): CodeIgniter\BaseModel->findAll()
#7 D:\laragon\www\CRUD\system\CodeIgniter.php(919): App\Controllers\Home->list()
#8 D:\laragon\www\CRUD\system\CodeIgniter.php(494): CodeIgniter\CodeIgniter->runController(Object(App\Controllers\Home))
#9 D:\laragon\www\CRUD\system\CodeIgniter.php(353): CodeIgniter\CodeIgniter->handleRequest(NULL, Object(Config\Cache), false)
#10 D:\laragon\www\CRUD\public\index.php(79): CodeIgniter\CodeIgniter->run()
#11 D:\laragon\www\CRUD\system\Commands\Server\rewrite.php(47): require_once('D:\\laragon\\www\\...')
#12 {main}
CRITICAL - 2023-09-16 09:22:16 --> Table 'product_listing.products' doesn't exist
in SYSTEMPATH\Database\BaseConnection.php on line 646.
 1 SYSTEMPATH\Database\BaseBuilder.php(1615): CodeIgniter\Database\BaseConnection->query('SELECT *
FROM `products`', [], false)
 2 SYSTEMPATH\Model.php(237): CodeIgniter\Database\BaseBuilder->get()
 3 SYSTEMPATH\BaseModel.php(624): CodeIgniter\Model->doFindAll(0, 0)
 4 APPPATH\Controllers\Home.php(24): CodeIgniter\BaseModel->findAll()
 5 SYSTEMPATH\CodeIgniter.php(919): App\Controllers\Home->list()
 6 SYSTEMPATH\CodeIgniter.php(494): CodeIgniter\CodeIgniter->runController(Object(App\Controllers\Home))
 7 SYSTEMPATH\CodeIgniter.php(353): CodeIgniter\CodeIgniter->handleRequest(null, Object(Config\Cache), false)
 8 FCPATH\index.php(79): CodeIgniter\CodeIgniter->run()
 9 SYSTEMPATH\Commands\Server\rewrite.php(47): require_once('D:\\laragon\\www\\CRUD\\public\\index.php')
ERROR - 2023-09-16 09:23:31 --> mysqli_sql_exception: Table 'product_listing.products' doesn't exist in D:\laragon\www\CRUD\system\Database\MySQLi\Connection.php:306
Stack trace:
#0 D:\laragon\www\CRUD\system\Database\MySQLi\Connection.php(306): mysqli->query('SELECT *\nFROM `...', 0)
#1 D:\laragon\www\CRUD\system\Database\BaseConnection.php(692): CodeIgniter\Database\MySQLi\Connection->execute('SELECT *\nFROM `...')
#2 D:\laragon\www\CRUD\system\Database\BaseConnection.php(606): CodeIgniter\Database\BaseConnection->simpleQuery('SELECT *\nFROM `...')
#3 D:\laragon\www\CRUD\system\Database\BaseBuilder.php(1615): CodeIgniter\Database\BaseConnection->query('SELECT *\nFROM `...', Array, false)
#4 D:\laragon\www\CRUD\system\Model.php(237): CodeIgniter\Database\BaseBuilder->get()
#5 D:\laragon\www\CRUD\system\BaseModel.php(624): CodeIgniter\Model->doFindAll(0, 0)
#6 D:\laragon\www\CRUD\app\Controllers\Home.php(24): CodeIgniter\BaseModel->findAll()
#7 D:\laragon\www\CRUD\system\CodeIgniter.php(919): App\Controllers\Home->list()
#8 D:\laragon\www\CRUD\system\CodeIgniter.php(494): CodeIgniter\CodeIgniter->runController(Object(App\Controllers\Home))
#9 D:\laragon\www\CRUD\system\CodeIgniter.php(353): CodeIgniter\CodeIgniter->handleRequest(NULL, Object(Config\Cache), false)
#10 D:\laragon\www\CRUD\public\index.php(79): CodeIgniter\CodeIgniter->run()
#11 D:\laragon\www\CRUD\system\Commands\Server\rewrite.php(47): require_once('D:\\laragon\\www\\...')
#12 {main}
CRITICAL - 2023-09-16 09:23:31 --> Table 'product_listing.products' doesn't exist
in SYSTEMPATH\Database\BaseConnection.php on line 646.
 1 SYSTEMPATH\Database\BaseBuilder.php(1615): CodeIgniter\Database\BaseConnection->query('SELECT *
FROM `products`', [], false)
 2 SYSTEMPATH\Model.php(237): CodeIgniter\Database\BaseBuilder->get()
 3 SYSTEMPATH\BaseModel.php(624): CodeIgniter\Model->doFindAll(0, 0)
 4 APPPATH\Controllers\Home.php(24): CodeIgniter\BaseModel->findAll()
 5 SYSTEMPATH\CodeIgniter.php(919): App\Controllers\Home->list()
 6 SYSTEMPATH\CodeIgniter.php(494): CodeIgniter\CodeIgniter->runController(Object(App\Controllers\Home))
 7 SYSTEMPATH\CodeIgniter.php(353): CodeIgniter\CodeIgniter->handleRequest(null, Object(Config\Cache), false)
 8 FCPATH\index.php(79): CodeIgniter\CodeIgniter->run()
 9 SYSTEMPATH\Commands\Server\rewrite.php(47): require_once('D:\\laragon\\www\\CRUD\\public\\index.php')
CRITICAL - 2023-09-16 09:32:05 --> syntax error, unexpected identifier "print_r", expecting "," or ";"
in APPPATH\Controllers\Home.php on line 26.
 1 SYSTEMPATH\Autoloader\Autoloader.php(285): CodeIgniter\Autoloader\Autoloader->includeFile('D:\\laragon\\www\\CRUD\\app\\Controllers\\Home.php')
 2 SYSTEMPATH\Autoloader\Autoloader.php(263): CodeIgniter\Autoloader\Autoloader->loadInNamespace('App\\Controllers\\Home')
 3 [internal function]: CodeIgniter\Autoloader\Autoloader->loadClass('App\\Controllers\\Home')
 4 SYSTEMPATH\CodeIgniter.php(877): class_exists('\\App\\Controllers\\Home', true)
 5 SYSTEMPATH\CodeIgniter.php(481): CodeIgniter\CodeIgniter->startController()
 6 SYSTEMPATH\CodeIgniter.php(353): CodeIgniter\CodeIgniter->handleRequest(null, Object(Config\Cache), false)
 7 FCPATH\index.php(79): CodeIgniter\CodeIgniter->run()
 8 SYSTEMPATH\Commands\Server\rewrite.php(47): require_once('D:\\laragon\\www\\CRUD\\public\\index.php')
CRITICAL - 2023-09-16 09:32:42 --> syntax error, unexpected identifier "var_dump", expecting "," or ";"
in APPPATH\Controllers\Home.php on line 26.
 1 SYSTEMPATH\Autoloader\Autoloader.php(285): CodeIgniter\Autoloader\Autoloader->includeFile('D:\\laragon\\www\\CRUD\\app\\Controllers\\Home.php')
 2 SYSTEMPATH\Autoloader\Autoloader.php(263): CodeIgniter\Autoloader\Autoloader->loadInNamespace('App\\Controllers\\Home')
 3 [internal function]: CodeIgniter\Autoloader\Autoloader->loadClass('App\\Controllers\\Home')
 4 SYSTEMPATH\CodeIgniter.php(877): class_exists('\\App\\Controllers\\Home', true)
 5 SYSTEMPATH\CodeIgniter.php(481): CodeIgniter\CodeIgniter->startController()
 6 SYSTEMPATH\CodeIgniter.php(353): CodeIgniter\CodeIgniter->handleRequest(null, Object(Config\Cache), false)
 7 FCPATH\index.php(79): CodeIgniter\CodeIgniter->run()
 8 SYSTEMPATH\Commands\Server\rewrite.php(47): require_once('D:\\laragon\\www\\CRUD\\public\\index.php')
CRITICAL - 2023-09-16 09:35:30 --> Invalid file: "list.php"
in SYSTEMPATH\Exceptions\FrameworkException.php on line 39.
 1 SYSTEMPATH\View\View.php(214): CodeIgniter\Exceptions\FrameworkException::forInvalidFile('list.php')
 2 SYSTEMPATH\Common.php(1188): CodeIgniter\View\View->render('list', [], true)
 3 APPPATH\Controllers\Home.php(25): view('list', [...])
 4 SYSTEMPATH\CodeIgniter.php(919): App\Controllers\Home->list()
 5 SYSTEMPATH\CodeIgniter.php(494): CodeIgniter\CodeIgniter->runController(Object(App\Controllers\Home))
 6 SYSTEMPATH\CodeIgniter.php(353): CodeIgniter\CodeIgniter->handleRequest(null, Object(Config\Cache), false)
 7 FCPATH\index.php(79): CodeIgniter\CodeIgniter->run()
 8 SYSTEMPATH\Commands\Server\rewrite.php(47): require_once('D:\\laragon\\www\\CRUD\\public\\index.php')
CRITICAL - 2023-09-16 09:52:49 --> Trying to access array offset on value of type int
in APPPATH\Views\products.php on line 20.
 1 APPPATH\Views\products.php(20): CodeIgniter\Debug\Exceptions->errorHandler(2, 'Trying to access array offset on value of type int', 'D:\\laragon\\www\\CRUD\\app\\Views\\products.php', 20)
 2 SYSTEMPATH\View\View.php(226): include('D:\\laragon\\www\\CRUD\\app\\Views\\products.php')
 3 SYSTEMPATH\View\View.php(229): CodeIgniter\View\View->CodeIgniter\View\{closure}()
 4 SYSTEMPATH\Common.php(1188): CodeIgniter\View\View->render('products', [], true)
 5 APPPATH\Controllers\Home.php(25): view('products', [...])
 6 SYSTEMPATH\CodeIgniter.php(919): App\Controllers\Home->list()
 7 SYSTEMPATH\CodeIgniter.php(494): CodeIgniter\CodeIgniter->runController(Object(App\Controllers\Home))
 8 SYSTEMPATH\CodeIgniter.php(353): CodeIgniter\CodeIgniter->handleRequest(null, Object(Config\Cache), false)
 9 FCPATH\index.php(79): CodeIgniter\CodeIgniter->run()
10 SYSTEMPATH\Commands\Server\rewrite.php(47): require_once('D:\\laragon\\www\\CRUD\\public\\index.php')
CRITICAL - 2023-09-16 09:57:07 --> Trying to access array offset on value of type int
in APPPATH\Views\products.php on line 20.
 1 APPPATH\Views\products.php(20): CodeIgniter\Debug\Exceptions->errorHandler(2, 'Trying to access array offset on value of type int', 'D:\\laragon\\www\\CRUD\\app\\Views\\products.php', 20)
 2 SYSTEMPATH\View\View.php(226): include('D:\\laragon\\www\\CRUD\\app\\Views\\products.php')
 3 SYSTEMPATH\View\View.php(229): CodeIgniter\View\View->CodeIgniter\View\{closure}()
 4 SYSTEMPATH\Common.php(1188): CodeIgniter\View\View->render('products', [], true)
 5 APPPATH\Controllers\Home.php(25): view('products', [...])
 6 SYSTEMPATH\CodeIgniter.php(919): App\Controllers\Home->list()
 7 SYSTEMPATH\CodeIgniter.php(494): CodeIgniter\CodeIgniter->runController(Object(App\Controllers\Home))
 8 SYSTEMPATH\CodeIgniter.php(353): CodeIgniter\CodeIgniter->handleRequest(null, Object(Config\Cache), false)
 9 FCPATH\index.php(79): CodeIgniter\CodeIgniter->run()
10 SYSTEMPATH\Commands\Server\rewrite.php(47): require_once('D:\\laragon\\www\\CRUD\\public\\index.php')
CRITICAL - 2023-09-16 09:59:51 --> Trying to access array offset on value of type int
in APPPATH\Views\products.php on line 20.
 1 APPPATH\Views\products.php(20): CodeIgniter\Debug\Exceptions->errorHandler(2, 'Trying to access array offset on value of type int', 'D:\\laragon\\www\\CRUD\\app\\Views\\products.php', 20)
 2 SYSTEMPATH\View\View.php(226): include('D:\\laragon\\www\\CRUD\\app\\Views\\products.php')
 3 SYSTEMPATH\View\View.php(229): CodeIgniter\View\View->CodeIgniter\View\{closure}()
 4 SYSTEMPATH\Common.php(1188): CodeIgniter\View\View->render('products', [], true)
 5 APPPATH\Controllers\Home.php(25): view('products', [...])
 6 SYSTEMPATH\CodeIgniter.php(919): App\Controllers\Home->list()
 7 SYSTEMPATH\CodeIgniter.php(494): CodeIgniter\CodeIgniter->runController(Object(App\Controllers\Home))
 8 SYSTEMPATH\CodeIgniter.php(353): CodeIgniter\CodeIgniter->handleRequest(null, Object(Config\Cache), false)
 9 FCPATH\index.php(79): CodeIgniter\CodeIgniter->run()
10 SYSTEMPATH\Commands\Server\rewrite.php(47): require_once('D:\\laragon\\www\\CRUD\\public\\index.php')
CRITICAL - 2023-09-16 09:59:52 --> Trying to access array offset on value of type int
in APPPATH\Views\products.php on line 20.
 1 APPPATH\Views\products.php(20): CodeIgniter\Debug\Exceptions->errorHandler(2, 'Trying to access array offset on value of type int', 'D:\\laragon\\www\\CRUD\\app\\Views\\products.php', 20)
 2 SYSTEMPATH\View\View.php(226): include('D:\\laragon\\www\\CRUD\\app\\Views\\products.php')
 3 SYSTEMPATH\View\View.php(229): CodeIgniter\View\View->CodeIgniter\View\{closure}()
 4 SYSTEMPATH\Common.php(1188): CodeIgniter\View\View->render('products', [], true)
 5 APPPATH\Controllers\Home.php(25): view('products', [...])
 6 SYSTEMPATH\CodeIgniter.php(919): App\Controllers\Home->list()
 7 SYSTEMPATH\CodeIgniter.php(494): CodeIgniter\CodeIgniter->runController(Object(App\Controllers\Home))
 8 SYSTEMPATH\CodeIgniter.php(353): CodeIgniter\CodeIgniter->handleRequest(null, Object(Config\Cache), false)
 9 FCPATH\index.php(79): CodeIgniter\CodeIgniter->run()
10 SYSTEMPATH\Commands\Server\rewrite.php(47): require_once('D:\\laragon\\www\\CRUD\\public\\index.php')
CRITICAL - 2023-09-16 09:59:52 --> Trying to access array offset on value of type int
in APPPATH\Views\products.php on line 20.
 1 APPPATH\Views\products.php(20): CodeIgniter\Debug\Exceptions->errorHandler(2, 'Trying to access array offset on value of type int', 'D:\\laragon\\www\\CRUD\\app\\Views\\products.php', 20)
 2 SYSTEMPATH\View\View.php(226): include('D:\\laragon\\www\\CRUD\\app\\Views\\products.php')
 3 SYSTEMPATH\View\View.php(229): CodeIgniter\View\View->CodeIgniter\View\{closure}()
 4 SYSTEMPATH\Common.php(1188): CodeIgniter\View\View->render('products', [], true)
 5 APPPATH\Controllers\Home.php(25): view('products', [...])
 6 SYSTEMPATH\CodeIgniter.php(919): App\Controllers\Home->list()
 7 SYSTEMPATH\CodeIgniter.php(494): CodeIgniter\CodeIgniter->runController(Object(App\Controllers\Home))
 8 SYSTEMPATH\CodeIgniter.php(353): CodeIgniter\CodeIgniter->handleRequest(null, Object(Config\Cache), false)
 9 FCPATH\index.php(79): CodeIgniter\CodeIgniter->run()
10 SYSTEMPATH\Commands\Server\rewrite.php(47): require_once('D:\\laragon\\www\\CRUD\\public\\index.php')
CRITICAL - 2023-09-16 09:59:53 --> Trying to access array offset on value of type int
in APPPATH\Views\products.php on line 20.
 1 APPPATH\Views\products.php(20): CodeIgniter\Debug\Exceptions->errorHandler(2, 'Trying to access array offset on value of type int', 'D:\\laragon\\www\\CRUD\\app\\Views\\products.php', 20)
 2 SYSTEMPATH\View\View.php(226): include('D:\\laragon\\www\\CRUD\\app\\Views\\products.php')
 3 SYSTEMPATH\View\View.php(229): CodeIgniter\View\View->CodeIgniter\View\{closure}()
 4 SYSTEMPATH\Common.php(1188): CodeIgniter\View\View->render('products', [], true)
 5 APPPATH\Controllers\Home.php(25): view('products', [...])
 6 SYSTEMPATH\CodeIgniter.php(919): App\Controllers\Home->list()
 7 SYSTEMPATH\CodeIgniter.php(494): CodeIgniter\CodeIgniter->runController(Object(App\Controllers\Home))
 8 SYSTEMPATH\CodeIgniter.php(353): CodeIgniter\CodeIgniter->handleRequest(null, Object(Config\Cache), false)
 9 FCPATH\index.php(79): CodeIgniter\CodeIgniter->run()
10 SYSTEMPATH\Commands\Server\rewrite.php(47): require_once('D:\\laragon\\www\\CRUD\\public\\index.php')
CRITICAL - 2023-09-16 10:02:18 --> Trying to access array offset on value of type int
in APPPATH\Views\products.php on line 20.
 1 APPPATH\Views\products.php(20): CodeIgniter\Debug\Exceptions->errorHandler(2, 'Trying to access array offset on value of type int', 'D:\\laragon\\www\\CRUD\\app\\Views\\products.php', 20)
 2 SYSTEMPATH\View\View.php(226): include('D:\\laragon\\www\\CRUD\\app\\Views\\products.php')
 3 SYSTEMPATH\View\View.php(229): CodeIgniter\View\View->CodeIgniter\View\{closure}()
 4 SYSTEMPATH\Common.php(1188): CodeIgniter\View\View->render('products', [], true)
 5 APPPATH\Controllers\Home.php(25): view('products', [...])
 6 SYSTEMPATH\CodeIgniter.php(919): App\Controllers\Home->list()
 7 SYSTEMPATH\CodeIgniter.php(494): CodeIgniter\CodeIgniter->runController(Object(App\Controllers\Home))
 8 SYSTEMPATH\CodeIgniter.php(353): CodeIgniter\CodeIgniter->handleRequest(null, Object(Config\Cache), false)
 9 FCPATH\index.php(79): CodeIgniter\CodeIgniter->run()
10 SYSTEMPATH\Commands\Server\rewrite.php(47): require_once('D:\\laragon\\www\\CRUD\\public\\index.php')
CRITICAL - 2023-09-16 10:02:19 --> Trying to access array offset on value of type int
in APPPATH\Views\products.php on line 20.
 1 APPPATH\Views\products.php(20): CodeIgniter\Debug\Exceptions->errorHandler(2, 'Trying to access array offset on value of type int', 'D:\\laragon\\www\\CRUD\\app\\Views\\products.php', 20)
 2 SYSTEMPATH\View\View.php(226): include('D:\\laragon\\www\\CRUD\\app\\Views\\products.php')
 3 SYSTEMPATH\View\View.php(229): CodeIgniter\View\View->CodeIgniter\View\{closure}()
 4 SYSTEMPATH\Common.php(1188): CodeIgniter\View\View->render('products', [], true)
 5 APPPATH\Controllers\Home.php(25): view('products', [...])
 6 SYSTEMPATH\CodeIgniter.php(919): App\Controllers\Home->list()
 7 SYSTEMPATH\CodeIgniter.php(494): CodeIgniter\CodeIgniter->runController(Object(App\Controllers\Home))
 8 SYSTEMPATH\CodeIgniter.php(353): CodeIgniter\CodeIgniter->handleRequest(null, Object(Config\Cache), false)
 9 FCPATH\index.php(79): CodeIgniter\CodeIgniter->run()
10 SYSTEMPATH\Commands\Server\rewrite.php(47): require_once('D:\\laragon\\www\\CRUD\\public\\index.php')
CRITICAL - 2023-09-16 10:02:19 --> Trying to access array offset on value of type int
in APPPATH\Views\products.php on line 20.
 1 APPPATH\Views\products.php(20): CodeIgniter\Debug\Exceptions->errorHandler(2, 'Trying to access array offset on value of type int', 'D:\\laragon\\www\\CRUD\\app\\Views\\products.php', 20)
 2 SYSTEMPATH\View\View.php(226): include('D:\\laragon\\www\\CRUD\\app\\Views\\products.php')
 3 SYSTEMPATH\View\View.php(229): CodeIgniter\View\View->CodeIgniter\View\{closure}()
 4 SYSTEMPATH\Common.php(1188): CodeIgniter\View\View->render('products', [], true)
 5 APPPATH\Controllers\Home.php(25): view('products', [...])
 6 SYSTEMPATH\CodeIgniter.php(919): App\Controllers\Home->list()
 7 SYSTEMPATH\CodeIgniter.php(494): CodeIgniter\CodeIgniter->runController(Object(App\Controllers\Home))
 8 SYSTEMPATH\CodeIgniter.php(353): CodeIgniter\CodeIgniter->handleRequest(null, Object(Config\Cache), false)
 9 FCPATH\index.php(79): CodeIgniter\CodeIgniter->run()
10 SYSTEMPATH\Commands\Server\rewrite.php(47): require_once('D:\\laragon\\www\\CRUD\\public\\index.php')
CRITICAL - 2023-09-16 10:30:57 --> Trying to access array offset on value of type int
in APPPATH\Views\products.php on line 21.
 1 APPPATH\Views\products.php(21): CodeIgniter\Debug\Exceptions->errorHandler(2, 'Trying to access array offset on value of type int', 'D:\\laragon\\www\\CRUD\\app\\Views\\products.php', 21)
 2 SYSTEMPATH\View\View.php(226): include('D:\\laragon\\www\\CRUD\\app\\Views\\products.php')
 3 SYSTEMPATH\View\View.php(229): CodeIgniter\View\View->CodeIgniter\View\{closure}()
 4 SYSTEMPATH\Common.php(1188): CodeIgniter\View\View->render('products', [], true)
 5 APPPATH\Controllers\Home.php(25): view('products', [...])
 6 SYSTEMPATH\CodeIgniter.php(919): App\Controllers\Home->list()
 7 SYSTEMPATH\CodeIgniter.php(494): CodeIgniter\CodeIgniter->runController(Object(App\Controllers\Home))
 8 SYSTEMPATH\CodeIgniter.php(353): CodeIgniter\CodeIgniter->handleRequest(null, Object(Config\Cache), false)
 9 FCPATH\index.php(79): CodeIgniter\CodeIgniter->run()
10 SYSTEMPATH\Commands\Server\rewrite.php(47): require_once('D:\\laragon\\www\\CRUD\\public\\index.php')
CRITICAL - 2023-09-16 10:53:47 --> Undefined array key "pid"
in APPPATH\Views\products.php on line 27.
 1 APPPATH\Views\products.php(27): CodeIgniter\Debug\Exceptions->errorHandler(2, 'Undefined array key "pid"', 'D:\\laragon\\www\\CRUD\\app\\Views\\products.php', 27)
 2 SYSTEMPATH\View\View.php(226): include('D:\\laragon\\www\\CRUD\\app\\Views\\products.php')
 3 SYSTEMPATH\View\View.php(229): CodeIgniter\View\View->CodeIgniter\View\{closure}()
 4 SYSTEMPATH\Common.php(1188): CodeIgniter\View\View->render('products', [], true)
 5 APPPATH\Controllers\Home.php(25): view('products', [...])
 6 SYSTEMPATH\CodeIgniter.php(919): App\Controllers\Home->list()
 7 SYSTEMPATH\CodeIgniter.php(494): CodeIgniter\CodeIgniter->runController(Object(App\Controllers\Home))
 8 SYSTEMPATH\CodeIgniter.php(353): CodeIgniter\CodeIgniter->handleRequest(null, Object(Config\Cache), false)
 9 FCPATH\index.php(79): CodeIgniter\CodeIgniter->run()
10 SYSTEMPATH\Commands\Server\rewrite.php(47): require_once('D:\\laragon\\www\\CRUD\\public\\index.php')
CRITICAL - 2023-09-16 11:04:42 --> syntax error, unexpected token "=", expecting ")"
in APPPATH\Controllers\Home.php on line 30.
 1 SYSTEMPATH\Autoloader\Autoloader.php(285): CodeIgniter\Autoloader\Autoloader->includeFile('D:\\laragon\\www\\CRUD\\app\\Controllers\\Home.php')
 2 SYSTEMPATH\Autoloader\Autoloader.php(263): CodeIgniter\Autoloader\Autoloader->loadInNamespace('App\\Controllers\\Home')
 3 [internal function]: CodeIgniter\Autoloader\Autoloader->loadClass('App\\Controllers\\Home')
 4 SYSTEMPATH\CodeIgniter.php(877): class_exists('\\App\\Controllers\\Home', true)
 5 SYSTEMPATH\CodeIgniter.php(481): CodeIgniter\CodeIgniter->startController()
 6 SYSTEMPATH\CodeIgniter.php(353): CodeIgniter\CodeIgniter->handleRequest(null, Object(Config\Cache), false)
 7 FCPATH\index.php(79): CodeIgniter\CodeIgniter->run()
 8 SYSTEMPATH\Commands\Server\rewrite.php(47): require_once('D:\\laragon\\www\\CRUD\\public\\index.php')
CRITICAL - 2023-09-16 11:17:15 --> Undefined array key "ProductName"
in APPPATH\Views\edit.php on line 11.
 1 APPPATH\Views\edit.php(11): CodeIgniter\Debug\Exceptions->errorHandler(2, 'Undefined array key "ProductName"', 'D:\\laragon\\www\\CRUD\\app\\Views\\edit.php', 11)
 2 SYSTEMPATH\View\View.php(226): include('D:\\laragon\\www\\CRUD\\app\\Views\\edit.php')
 3 SYSTEMPATH\View\View.php(229): CodeIgniter\View\View->CodeIgniter\View\{closure}()
 4 SYSTEMPATH\Common.php(1188): CodeIgniter\View\View->render('edit', [], true)
 5 APPPATH\Controllers\Home.php(31): view('edit', [...])
 6 SYSTEMPATH\CodeIgniter.php(919): App\Controllers\Home->edit('2')
 7 SYSTEMPATH\CodeIgniter.php(494): CodeIgniter\CodeIgniter->runController(Object(App\Controllers\Home))
 8 SYSTEMPATH\CodeIgniter.php(353): CodeIgniter\CodeIgniter->handleRequest(null, Object(Config\Cache), false)
 9 FCPATH\index.php(79): CodeIgniter\CodeIgniter->run()
10 SYSTEMPATH\Commands\Server\rewrite.php(47): require_once('D:\\laragon\\www\\CRUD\\public\\index.php')
CRITICAL - 2023-09-16 11:17:39 --> Undefined array key "prodname"
in APPPATH\Views\edit.php on line 11.
 1 APPPATH\Views\edit.php(11): CodeIgniter\Debug\Exceptions->errorHandler(2, 'Undefined array key "prodname"', 'D:\\laragon\\www\\CRUD\\app\\Views\\edit.php', 11)
 2 SYSTEMPATH\View\View.php(226): include('D:\\laragon\\www\\CRUD\\app\\Views\\edit.php')
 3 SYSTEMPATH\View\View.php(229): CodeIgniter\View\View->CodeIgniter\View\{closure}()
 4 SYSTEMPATH\Common.php(1188): CodeIgniter\View\View->render('edit', [], true)
 5 APPPATH\Controllers\Home.php(31): view('edit', [...])
 6 SYSTEMPATH\CodeIgniter.php(919): App\Controllers\Home->edit('2')
 7 SYSTEMPATH\CodeIgniter.php(494): CodeIgniter\CodeIgniter->runController(Object(App\Controllers\Home))
 8 SYSTEMPATH\CodeIgniter.php(353): CodeIgniter\CodeIgniter->handleRequest(null, Object(Config\Cache), false)
 9 FCPATH\index.php(79): CodeIgniter\CodeIgniter->run()
10 SYSTEMPATH\Commands\Server\rewrite.php(47): require_once('D:\\laragon\\www\\CRUD\\public\\index.php')
CRITICAL - 2023-09-16 11:18:59 --> Undefined array key "ProductName"
in APPPATH\Views\edit.php on line 11.
 1 APPPATH\Views\edit.php(11): CodeIgniter\Debug\Exceptions->errorHandler(2, 'Undefined array key "ProductName"', 'D:\\laragon\\www\\CRUD\\app\\Views\\edit.php', 11)
 2 SYSTEMPATH\View\View.php(226): include('D:\\laragon\\www\\CRUD\\app\\Views\\edit.php')
 3 SYSTEMPATH\View\View.php(229): CodeIgniter\View\View->CodeIgniter\View\{closure}()
 4 SYSTEMPATH\Common.php(1188): CodeIgniter\View\View->render('edit', [], true)
 5 APPPATH\Controllers\Home.php(31): view('edit', [...])
 6 SYSTEMPATH\CodeIgniter.php(919): App\Controllers\Home->edit('2')
 7 SYSTEMPATH\CodeIgniter.php(494): CodeIgniter\CodeIgniter->runController(Object(App\Controllers\Home))
 8 SYSTEMPATH\CodeIgniter.php(353): CodeIgniter\CodeIgniter->handleRequest(null, Object(Config\Cache), false)
 9 FCPATH\index.php(79): CodeIgniter\CodeIgniter->run()
10 SYSTEMPATH\Commands\Server\rewrite.php(47): require_once('D:\\laragon\\www\\CRUD\\public\\index.php')
CRITICAL - 2023-09-16 11:19:53 --> Undefined array key "ProductName"
in APPPATH\Views\edit.php on line 11.
 1 APPPATH\Views\edit.php(11): CodeIgniter\Debug\Exceptions->errorHandler(2, 'Undefined array key "ProductName"', 'D:\\laragon\\www\\CRUD\\app\\Views\\edit.php', 11)
 2 SYSTEMPATH\View\View.php(226): include('D:\\laragon\\www\\CRUD\\app\\Views\\edit.php')
 3 SYSTEMPATH\View\View.php(229): CodeIgniter\View\View->CodeIgniter\View\{closure}()
 4 SYSTEMPATH\Common.php(1188): CodeIgniter\View\View->render('edit', [], true)
 5 APPPATH\Controllers\Home.php(31): view('edit', [...])
 6 SYSTEMPATH\CodeIgniter.php(919): App\Controllers\Home->edit('2')
 7 SYSTEMPATH\CodeIgniter.php(494): CodeIgniter\CodeIgniter->runController(Object(App\Controllers\Home))
 8 SYSTEMPATH\CodeIgniter.php(353): CodeIgniter\CodeIgniter->handleRequest(null, Object(Config\Cache), false)
 9 FCPATH\index.php(79): CodeIgniter\CodeIgniter->run()
10 SYSTEMPATH\Commands\Server\rewrite.php(47): require_once('D:\\laragon\\www\\CRUD\\public\\index.php')
CRITICAL - 2023-09-16 11:19:55 --> Undefined array key "ProductName"
in APPPATH\Views\edit.php on line 11.
 1 APPPATH\Views\edit.php(11): CodeIgniter\Debug\Exceptions->errorHandler(2, 'Undefined array key "ProductName"', 'D:\\laragon\\www\\CRUD\\app\\Views\\edit.php', 11)
 2 SYSTEMPATH\View\View.php(226): include('D:\\laragon\\www\\CRUD\\app\\Views\\edit.php')
 3 SYSTEMPATH\View\View.php(229): CodeIgniter\View\View->CodeIgniter\View\{closure}()
 4 SYSTEMPATH\Common.php(1188): CodeIgniter\View\View->render('edit', [], true)
 5 APPPATH\Controllers\Home.php(31): view('edit', [...])
 6 SYSTEMPATH\CodeIgniter.php(919): App\Controllers\Home->edit('2')
 7 SYSTEMPATH\CodeIgniter.php(494): CodeIgniter\CodeIgniter->runController(Object(App\Controllers\Home))
 8 SYSTEMPATH\CodeIgniter.php(353): CodeIgniter\CodeIgniter->handleRequest(null, Object(Config\Cache), false)
 9 FCPATH\index.php(79): CodeIgniter\CodeIgniter->run()
10 SYSTEMPATH\Commands\Server\rewrite.php(47): require_once('D:\\laragon\\www\\CRUD\\public\\index.php')
CRITICAL - 2023-09-16 11:19:55 --> Undefined array key "ProductName"
in APPPATH\Views\edit.php on line 11.
 1 APPPATH\Views\edit.php(11): CodeIgniter\Debug\Exceptions->errorHandler(2, 'Undefined array key "ProductName"', 'D:\\laragon\\www\\CRUD\\app\\Views\\edit.php', 11)
 2 SYSTEMPATH\View\View.php(226): include('D:\\laragon\\www\\CRUD\\app\\Views\\edit.php')
 3 SYSTEMPATH\View\View.php(229): CodeIgniter\View\View->CodeIgniter\View\{closure}()
 4 SYSTEMPATH\Common.php(1188): CodeIgniter\View\View->render('edit', [], true)
 5 APPPATH\Controllers\Home.php(31): view('edit', [...])
 6 SYSTEMPATH\CodeIgniter.php(919): App\Controllers\Home->edit('2')
 7 SYSTEMPATH\CodeIgniter.php(494): CodeIgniter\CodeIgniter->runController(Object(App\Controllers\Home))
 8 SYSTEMPATH\CodeIgniter.php(353): CodeIgniter\CodeIgniter->handleRequest(null, Object(Config\Cache), false)
 9 FCPATH\index.php(79): CodeIgniter\CodeIgniter->run()
10 SYSTEMPATH\Commands\Server\rewrite.php(47): require_once('D:\\laragon\\www\\CRUD\\public\\index.php')
CRITICAL - 2023-09-16 11:22:00 --> Undefined array key "ID"
in APPPATH\Views\edit.php on line 11.
 1 APPPATH\Views\edit.php(11): CodeIgniter\Debug\Exceptions->errorHandler(2, 'Undefined array key "ID"', 'D:\\laragon\\www\\CRUD\\app\\Views\\edit.php', 11)
 2 SYSTEMPATH\View\View.php(226): include('D:\\laragon\\www\\CRUD\\app\\Views\\edit.php')
 3 SYSTEMPATH\View\View.php(229): CodeIgniter\View\View->CodeIgniter\View\{closure}()
 4 SYSTEMPATH\Common.php(1188): CodeIgniter\View\View->render('edit', [], true)
 5 APPPATH\Controllers\Home.php(31): view('edit', [...])
 6 SYSTEMPATH\CodeIgniter.php(919): App\Controllers\Home->edit('2')
 7 SYSTEMPATH\CodeIgniter.php(494): CodeIgniter\CodeIgniter->runController(Object(App\Controllers\Home))
 8 SYSTEMPATH\CodeIgniter.php(353): CodeIgniter\CodeIgniter->handleRequest(null, Object(Config\Cache), false)
 9 FCPATH\index.php(79): CodeIgniter\CodeIgniter->run()
10 SYSTEMPATH\Commands\Server\rewrite.php(47): require_once('D:\\laragon\\www\\CRUD\\public\\index.php')
CRITICAL - 2023-09-16 11:22:01 --> Undefined array key "ID"
in APPPATH\Views\edit.php on line 11.
 1 APPPATH\Views\edit.php(11): CodeIgniter\Debug\Exceptions->errorHandler(2, 'Undefined array key "ID"', 'D:\\laragon\\www\\CRUD\\app\\Views\\edit.php', 11)
 2 SYSTEMPATH\View\View.php(226): include('D:\\laragon\\www\\CRUD\\app\\Views\\edit.php')
 3 SYSTEMPATH\View\View.php(229): CodeIgniter\View\View->CodeIgniter\View\{closure}()
 4 SYSTEMPATH\Common.php(1188): CodeIgniter\View\View->render('edit', [], true)
 5 APPPATH\Controllers\Home.php(31): view('edit', [...])
 6 SYSTEMPATH\CodeIgniter.php(919): App\Controllers\Home->edit('2')
 7 SYSTEMPATH\CodeIgniter.php(494): CodeIgniter\CodeIgniter->runController(Object(App\Controllers\Home))
 8 SYSTEMPATH\CodeIgniter.php(353): CodeIgniter\CodeIgniter->handleRequest(null, Object(Config\Cache), false)
 9 FCPATH\index.php(79): CodeIgniter\CodeIgniter->run()
10 SYSTEMPATH\Commands\Server\rewrite.php(47): require_once('D:\\laragon\\www\\CRUD\\public\\index.php')
CRITICAL - 2023-09-16 11:22:01 --> Undefined array key "ID"
in APPPATH\Views\edit.php on line 11.
 1 APPPATH\Views\edit.php(11): CodeIgniter\Debug\Exceptions->errorHandler(2, 'Undefined array key "ID"', 'D:\\laragon\\www\\CRUD\\app\\Views\\edit.php', 11)
 2 SYSTEMPATH\View\View.php(226): include('D:\\laragon\\www\\CRUD\\app\\Views\\edit.php')
 3 SYSTEMPATH\View\View.php(229): CodeIgniter\View\View->CodeIgniter\View\{closure}()
 4 SYSTEMPATH\Common.php(1188): CodeIgniter\View\View->render('edit', [], true)
 5 APPPATH\Controllers\Home.php(31): view('edit', [...])
 6 SYSTEMPATH\CodeIgniter.php(919): App\Controllers\Home->edit('2')
 7 SYSTEMPATH\CodeIgniter.php(494): CodeIgniter\CodeIgniter->runController(Object(App\Controllers\Home))
 8 SYSTEMPATH\CodeIgniter.php(353): CodeIgniter\CodeIgniter->handleRequest(null, Object(Config\Cache), false)
 9 FCPATH\index.php(79): CodeIgniter\CodeIgniter->run()
10 SYSTEMPATH\Commands\Server\rewrite.php(47): require_once('D:\\laragon\\www\\CRUD\\public\\index.php')
CRITICAL - 2023-09-16 11:22:01 --> Undefined array key "ID"
in APPPATH\Views\edit.php on line 11.
 1 APPPATH\Views\edit.php(11): CodeIgniter\Debug\Exceptions->errorHandler(2, 'Undefined array key "ID"', 'D:\\laragon\\www\\CRUD\\app\\Views\\edit.php', 11)
 2 SYSTEMPATH\View\View.php(226): include('D:\\laragon\\www\\CRUD\\app\\Views\\edit.php')
 3 SYSTEMPATH\View\View.php(229): CodeIgniter\View\View->CodeIgniter\View\{closure}()
 4 SYSTEMPATH\Common.php(1188): CodeIgniter\View\View->render('edit', [], true)
 5 APPPATH\Controllers\Home.php(31): view('edit', [...])
 6 SYSTEMPATH\CodeIgniter.php(919): App\Controllers\Home->edit('2')
 7 SYSTEMPATH\CodeIgniter.php(494): CodeIgniter\CodeIgniter->runController(Object(App\Controllers\Home))
 8 SYSTEMPATH\CodeIgniter.php(353): CodeIgniter\CodeIgniter->handleRequest(null, Object(Config\Cache), false)
 9 FCPATH\index.php(79): CodeIgniter\CodeIgniter->run()
10 SYSTEMPATH\Commands\Server\rewrite.php(47): require_once('D:\\laragon\\www\\CRUD\\public\\index.php')
CRITICAL - 2023-09-16 11:22:02 --> Undefined array key "ID"
in APPPATH\Views\edit.php on line 11.
 1 APPPATH\Views\edit.php(11): CodeIgniter\Debug\Exceptions->errorHandler(2, 'Undefined array key "ID"', 'D:\\laragon\\www\\CRUD\\app\\Views\\edit.php', 11)
 2 SYSTEMPATH\View\View.php(226): include('D:\\laragon\\www\\CRUD\\app\\Views\\edit.php')
 3 SYSTEMPATH\View\View.php(229): CodeIgniter\View\View->CodeIgniter\View\{closure}()
 4 SYSTEMPATH\Common.php(1188): CodeIgniter\View\View->render('edit', [], true)
 5 APPPATH\Controllers\Home.php(31): view('edit', [...])
 6 SYSTEMPATH\CodeIgniter.php(919): App\Controllers\Home->edit('2')
 7 SYSTEMPATH\CodeIgniter.php(494): CodeIgniter\CodeIgniter->runController(Object(App\Controllers\Home))
 8 SYSTEMPATH\CodeIgniter.php(353): CodeIgniter\CodeIgniter->handleRequest(null, Object(Config\Cache), false)
 9 FCPATH\index.php(79): CodeIgniter\CodeIgniter->run()
10 SYSTEMPATH\Commands\Server\rewrite.php(47): require_once('D:\\laragon\\www\\CRUD\\public\\index.php')
CRITICAL - 2023-09-16 11:22:02 --> Undefined array key "ID"
in APPPATH\Views\edit.php on line 11.
 1 APPPATH\Views\edit.php(11): CodeIgniter\Debug\Exceptions->errorHandler(2, 'Undefined array key "ID"', 'D:\\laragon\\www\\CRUD\\app\\Views\\edit.php', 11)
 2 SYSTEMPATH\View\View.php(226): include('D:\\laragon\\www\\CRUD\\app\\Views\\edit.php')
 3 SYSTEMPATH\View\View.php(229): CodeIgniter\View\View->CodeIgniter\View\{closure}()
 4 SYSTEMPATH\Common.php(1188): CodeIgniter\View\View->render('edit', [], true)
 5 APPPATH\Controllers\Home.php(31): view('edit', [...])
 6 SYSTEMPATH\CodeIgniter.php(919): App\Controllers\Home->edit('2')
 7 SYSTEMPATH\CodeIgniter.php(494): CodeIgniter\CodeIgniter->runController(Object(App\Controllers\Home))
 8 SYSTEMPATH\CodeIgniter.php(353): CodeIgniter\CodeIgniter->handleRequest(null, Object(Config\Cache), false)
 9 FCPATH\index.php(79): CodeIgniter\CodeIgniter->run()
10 SYSTEMPATH\Commands\Server\rewrite.php(47): require_once('D:\\laragon\\www\\CRUD\\public\\index.php')
CRITICAL - 2023-09-16 11:22:02 --> Undefined array key "ID"
in APPPATH\Views\edit.php on line 11.
 1 APPPATH\Views\edit.php(11): CodeIgniter\Debug\Exceptions->errorHandler(2, 'Undefined array key "ID"', 'D:\\laragon\\www\\CRUD\\app\\Views\\edit.php', 11)
 2 SYSTEMPATH\View\View.php(226): include('D:\\laragon\\www\\CRUD\\app\\Views\\edit.php')
 3 SYSTEMPATH\View\View.php(229): CodeIgniter\View\View->CodeIgniter\View\{closure}()
 4 SYSTEMPATH\Common.php(1188): CodeIgniter\View\View->render('edit', [], true)
 5 APPPATH\Controllers\Home.php(31): view('edit', [...])
 6 SYSTEMPATH\CodeIgniter.php(919): App\Controllers\Home->edit('2')
 7 SYSTEMPATH\CodeIgniter.php(494): CodeIgniter\CodeIgniter->runController(Object(App\Controllers\Home))
 8 SYSTEMPATH\CodeIgniter.php(353): CodeIgniter\CodeIgniter->handleRequest(null, Object(Config\Cache), false)
 9 FCPATH\index.php(79): CodeIgniter\CodeIgniter->run()
10 SYSTEMPATH\Commands\Server\rewrite.php(47): require_once('D:\\laragon\\www\\CRUD\\public\\index.php')
CRITICAL - 2023-09-16 11:26:53 --> Undefined array key "prodname"
in APPPATH\Views\edit.php on line 11.
 1 APPPATH\Views\edit.php(11): CodeIgniter\Debug\Exceptions->errorHandler(2, 'Undefined array key "prodname"', 'D:\\laragon\\www\\CRUD\\app\\Views\\edit.php', 11)
 2 SYSTEMPATH\View\View.php(226): include('D:\\laragon\\www\\CRUD\\app\\Views\\edit.php')
 3 SYSTEMPATH\View\View.php(229): CodeIgniter\View\View->CodeIgniter\View\{closure}()
 4 SYSTEMPATH\Common.php(1188): CodeIgniter\View\View->render('edit', [], true)
 5 APPPATH\Controllers\Home.php(31): view('edit', [...])
 6 SYSTEMPATH\CodeIgniter.php(919): App\Controllers\Home->edit('2')
 7 SYSTEMPATH\CodeIgniter.php(494): CodeIgniter\CodeIgniter->runController(Object(App\Controllers\Home))
 8 SYSTEMPATH\CodeIgniter.php(353): CodeIgniter\CodeIgniter->handleRequest(null, Object(Config\Cache), false)
 9 FCPATH\index.php(79): CodeIgniter\CodeIgniter->run()
10 SYSTEMPATH\Commands\Server\rewrite.php(47): require_once('D:\\laragon\\www\\CRUD\\public\\index.php')
CRITICAL - 2023-09-16 11:27:19 --> Undefined array key "prodname"
in APPPATH\Views\edit.php on line 11.
 1 APPPATH\Views\edit.php(11): CodeIgniter\Debug\Exceptions->errorHandler(2, 'Undefined array key "prodname"', 'D:\\laragon\\www\\CRUD\\app\\Views\\edit.php', 11)
 2 SYSTEMPATH\View\View.php(226): include('D:\\laragon\\www\\CRUD\\app\\Views\\edit.php')
 3 SYSTEMPATH\View\View.php(229): CodeIgniter\View\View->CodeIgniter\View\{closure}()
 4 SYSTEMPATH\Common.php(1188): CodeIgniter\View\View->render('edit', [], true)
 5 APPPATH\Controllers\Home.php(31): view('edit', [...])
 6 SYSTEMPATH\CodeIgniter.php(919): App\Controllers\Home->edit('2')
 7 SYSTEMPATH\CodeIgniter.php(494): CodeIgniter\CodeIgniter->runController(Object(App\Controllers\Home))
 8 SYSTEMPATH\CodeIgniter.php(353): CodeIgniter\CodeIgniter->handleRequest(null, Object(Config\Cache), false)
 9 FCPATH\index.php(79): CodeIgniter\CodeIgniter->run()
10 SYSTEMPATH\Commands\Server\rewrite.php(47): require_once('D:\\laragon\\www\\CRUD\\public\\index.php')
CRITICAL - 2023-09-16 11:27:20 --> Undefined array key "prodname"
in APPPATH\Views\edit.php on line 11.
 1 APPPATH\Views\edit.php(11): CodeIgniter\Debug\Exceptions->errorHandler(2, 'Undefined array key "prodname"', 'D:\\laragon\\www\\CRUD\\app\\Views\\edit.php', 11)
 2 SYSTEMPATH\View\View.php(226): include('D:\\laragon\\www\\CRUD\\app\\Views\\edit.php')
 3 SYSTEMPATH\View\View.php(229): CodeIgniter\View\View->CodeIgniter\View\{closure}()
 4 SYSTEMPATH\Common.php(1188): CodeIgniter\View\View->render('edit', [], true)
 5 APPPATH\Controllers\Home.php(31): view('edit', [...])
 6 SYSTEMPATH\CodeIgniter.php(919): App\Controllers\Home->edit('2')
 7 SYSTEMPATH\CodeIgniter.php(494): CodeIgniter\CodeIgniter->runController(Object(App\Controllers\Home))
 8 SYSTEMPATH\CodeIgniter.php(353): CodeIgniter\CodeIgniter->handleRequest(null, Object(Config\Cache), false)
 9 FCPATH\index.php(79): CodeIgniter\CodeIgniter->run()
10 SYSTEMPATH\Commands\Server\rewrite.php(47): require_once('D:\\laragon\\www\\CRUD\\public\\index.php')
CRITICAL - 2023-09-16 11:27:21 --> Undefined array key "prodname"
in APPPATH\Views\edit.php on line 11.
 1 APPPATH\Views\edit.php(11): CodeIgniter\Debug\Exceptions->errorHandler(2, 'Undefined array key "prodname"', 'D:\\laragon\\www\\CRUD\\app\\Views\\edit.php', 11)
 2 SYSTEMPATH\View\View.php(226): include('D:\\laragon\\www\\CRUD\\app\\Views\\edit.php')
 3 SYSTEMPATH\View\View.php(229): CodeIgniter\View\View->CodeIgniter\View\{closure}()
 4 SYSTEMPATH\Common.php(1188): CodeIgniter\View\View->render('edit', [], true)
 5 APPPATH\Controllers\Home.php(31): view('edit', [...])
 6 SYSTEMPATH\CodeIgniter.php(919): App\Controllers\Home->edit('2')
 7 SYSTEMPATH\CodeIgniter.php(494): CodeIgniter\CodeIgniter->runController(Object(App\Controllers\Home))
 8 SYSTEMPATH\CodeIgniter.php(353): CodeIgniter\CodeIgniter->handleRequest(null, Object(Config\Cache), false)
 9 FCPATH\index.php(79): CodeIgniter\CodeIgniter->run()
10 SYSTEMPATH\Commands\Server\rewrite.php(47): require_once('D:\\laragon\\www\\CRUD\\public\\index.php')
CRITICAL - 2023-09-16 11:27:21 --> Undefined array key "prodname"
in APPPATH\Views\edit.php on line 11.
 1 APPPATH\Views\edit.php(11): CodeIgniter\Debug\Exceptions->errorHandler(2, 'Undefined array key "prodname"', 'D:\\laragon\\www\\CRUD\\app\\Views\\edit.php', 11)
 2 SYSTEMPATH\View\View.php(226): include('D:\\laragon\\www\\CRUD\\app\\Views\\edit.php')
 3 SYSTEMPATH\View\View.php(229): CodeIgniter\View\View->CodeIgniter\View\{closure}()
 4 SYSTEMPATH\Common.php(1188): CodeIgniter\View\View->render('edit', [], true)
 5 APPPATH\Controllers\Home.php(31): view('edit', [...])
 6 SYSTEMPATH\CodeIgniter.php(919): App\Controllers\Home->edit('2')
 7 SYSTEMPATH\CodeIgniter.php(494): CodeIgniter\CodeIgniter->runController(Object(App\Controllers\Home))
 8 SYSTEMPATH\CodeIgniter.php(353): CodeIgniter\CodeIgniter->handleRequest(null, Object(Config\Cache), false)
 9 FCPATH\index.php(79): CodeIgniter\CodeIgniter->run()
10 SYSTEMPATH\Commands\Server\rewrite.php(47): require_once('D:\\laragon\\www\\CRUD\\public\\index.php')
CRITICAL - 2023-09-16 11:27:21 --> Undefined array key "prodname"
in APPPATH\Views\edit.php on line 11.
 1 APPPATH\Views\edit.php(11): CodeIgniter\Debug\Exceptions->errorHandler(2, 'Undefined array key "prodname"', 'D:\\laragon\\www\\CRUD\\app\\Views\\edit.php', 11)
 2 SYSTEMPATH\View\View.php(226): include('D:\\laragon\\www\\CRUD\\app\\Views\\edit.php')
 3 SYSTEMPATH\View\View.php(229): CodeIgniter\View\View->CodeIgniter\View\{closure}()
 4 SYSTEMPATH\Common.php(1188): CodeIgniter\View\View->render('edit', [], true)
 5 APPPATH\Controllers\Home.php(31): view('edit', [...])
 6 SYSTEMPATH\CodeIgniter.php(919): App\Controllers\Home->edit('2')
 7 SYSTEMPATH\CodeIgniter.php(494): CodeIgniter\CodeIgniter->runController(Object(App\Controllers\Home))
 8 SYSTEMPATH\CodeIgniter.php(353): CodeIgniter\CodeIgniter->handleRequest(null, Object(Config\Cache), false)
 9 FCPATH\index.php(79): CodeIgniter\CodeIgniter->run()
10 SYSTEMPATH\Commands\Server\rewrite.php(47): require_once('D:\\laragon\\www\\CRUD\\public\\index.php')
CRITICAL - 2023-09-16 11:28:42 --> Undefined array key "ProductName"
in APPPATH\Views\edit.php on line 11.
 1 APPPATH\Views\edit.php(11): CodeIgniter\Debug\Exceptions->errorHandler(2, 'Undefined array key "ProductName"', 'D:\\laragon\\www\\CRUD\\app\\Views\\edit.php', 11)
 2 SYSTEMPATH\View\View.php(226): include('D:\\laragon\\www\\CRUD\\app\\Views\\edit.php')
 3 SYSTEMPATH\View\View.php(229): CodeIgniter\View\View->CodeIgniter\View\{closure}()
 4 SYSTEMPATH\Common.php(1188): CodeIgniter\View\View->render('edit', [], true)
 5 APPPATH\Controllers\Home.php(31): view('edit', [...])
 6 SYSTEMPATH\CodeIgniter.php(919): App\Controllers\Home->edit('2')
 7 SYSTEMPATH\CodeIgniter.php(494): CodeIgniter\CodeIgniter->runController(Object(App\Controllers\Home))
 8 SYSTEMPATH\CodeIgniter.php(353): CodeIgniter\CodeIgniter->handleRequest(null, Object(Config\Cache), false)
 9 FCPATH\index.php(79): CodeIgniter\CodeIgniter->run()
10 SYSTEMPATH\Commands\Server\rewrite.php(47): require_once('D:\\laragon\\www\\CRUD\\public\\index.php')
CRITICAL - 2023-09-16 11:28:44 --> Undefined array key "ProductName"
in APPPATH\Views\edit.php on line 11.
 1 APPPATH\Views\edit.php(11): CodeIgniter\Debug\Exceptions->errorHandler(2, 'Undefined array key "ProductName"', 'D:\\laragon\\www\\CRUD\\app\\Views\\edit.php', 11)
 2 SYSTEMPATH\View\View.php(226): include('D:\\laragon\\www\\CRUD\\app\\Views\\edit.php')
 3 SYSTEMPATH\View\View.php(229): CodeIgniter\View\View->CodeIgniter\View\{closure}()
 4 SYSTEMPATH\Common.php(1188): CodeIgniter\View\View->render('edit', [], true)
 5 APPPATH\Controllers\Home.php(31): view('edit', [...])
 6 SYSTEMPATH\CodeIgniter.php(919): App\Controllers\Home->edit('2')
 7 SYSTEMPATH\CodeIgniter.php(494): CodeIgniter\CodeIgniter->runController(Object(App\Controllers\Home))
 8 SYSTEMPATH\CodeIgniter.php(353): CodeIgniter\CodeIgniter->handleRequest(null, Object(Config\Cache), false)
 9 FCPATH\index.php(79): CodeIgniter\CodeIgniter->run()
10 SYSTEMPATH\Commands\Server\rewrite.php(47): require_once('D:\\laragon\\www\\CRUD\\public\\index.php')
CRITICAL - 2023-09-16 11:28:45 --> Undefined array key "ProductName"
in APPPATH\Views\edit.php on line 11.
 1 APPPATH\Views\edit.php(11): CodeIgniter\Debug\Exceptions->errorHandler(2, 'Undefined array key "ProductName"', 'D:\\laragon\\www\\CRUD\\app\\Views\\edit.php', 11)
 2 SYSTEMPATH\View\View.php(226): include('D:\\laragon\\www\\CRUD\\app\\Views\\edit.php')
 3 SYSTEMPATH\View\View.php(229): CodeIgniter\View\View->CodeIgniter\View\{closure}()
 4 SYSTEMPATH\Common.php(1188): CodeIgniter\View\View->render('edit', [], true)
 5 APPPATH\Controllers\Home.php(31): view('edit', [...])
 6 SYSTEMPATH\CodeIgniter.php(919): App\Controllers\Home->edit('2')
 7 SYSTEMPATH\CodeIgniter.php(494): CodeIgniter\CodeIgniter->runController(Object(App\Controllers\Home))
 8 SYSTEMPATH\CodeIgniter.php(353): CodeIgniter\CodeIgniter->handleRequest(null, Object(Config\Cache), false)
 9 FCPATH\index.php(79): CodeIgniter\CodeIgniter->run()
10 SYSTEMPATH\Commands\Server\rewrite.php(47): require_once('D:\\laragon\\www\\CRUD\\public\\index.php')
CRITICAL - 2023-09-16 11:28:45 --> Undefined array key "ProductName"
in APPPATH\Views\edit.php on line 11.
 1 APPPATH\Views\edit.php(11): CodeIgniter\Debug\Exceptions->errorHandler(2, 'Undefined array key "ProductName"', 'D:\\laragon\\www\\CRUD\\app\\Views\\edit.php', 11)
 2 SYSTEMPATH\View\View.php(226): include('D:\\laragon\\www\\CRUD\\app\\Views\\edit.php')
 3 SYSTEMPATH\View\View.php(229): CodeIgniter\View\View->CodeIgniter\View\{closure}()
 4 SYSTEMPATH\Common.php(1188): CodeIgniter\View\View->render('edit', [], true)
 5 APPPATH\Controllers\Home.php(31): view('edit', [...])
 6 SYSTEMPATH\CodeIgniter.php(919): App\Controllers\Home->edit('2')
 7 SYSTEMPATH\CodeIgniter.php(494): CodeIgniter\CodeIgniter->runController(Object(App\Controllers\Home))
 8 SYSTEMPATH\CodeIgniter.php(353): CodeIgniter\CodeIgniter->handleRequest(null, Object(Config\Cache), false)
 9 FCPATH\index.php(79): CodeIgniter\CodeIgniter->run()
10 SYSTEMPATH\Commands\Server\rewrite.php(47): require_once('D:\\laragon\\www\\CRUD\\public\\index.php')
CRITICAL - 2023-09-16 11:28:45 --> Undefined array key "ProductName"
in APPPATH\Views\edit.php on line 11.
 1 APPPATH\Views\edit.php(11): CodeIgniter\Debug\Exceptions->errorHandler(2, 'Undefined array key "ProductName"', 'D:\\laragon\\www\\CRUD\\app\\Views\\edit.php', 11)
 2 SYSTEMPATH\View\View.php(226): include('D:\\laragon\\www\\CRUD\\app\\Views\\edit.php')
 3 SYSTEMPATH\View\View.php(229): CodeIgniter\View\View->CodeIgniter\View\{closure}()
 4 SYSTEMPATH\Common.php(1188): CodeIgniter\View\View->render('edit', [], true)
 5 APPPATH\Controllers\Home.php(31): view('edit', [...])
 6 SYSTEMPATH\CodeIgniter.php(919): App\Controllers\Home->edit('2')
 7 SYSTEMPATH\CodeIgniter.php(494): CodeIgniter\CodeIgniter->runController(Object(App\Controllers\Home))
 8 SYSTEMPATH\CodeIgniter.php(353): CodeIgniter\CodeIgniter->handleRequest(null, Object(Config\Cache), false)
 9 FCPATH\index.php(79): CodeIgniter\CodeIgniter->run()
10 SYSTEMPATH\Commands\Server\rewrite.php(47): require_once('D:\\laragon\\www\\CRUD\\public\\index.php')
